{"/home/arth/SOFTWARE STUFF/wocs/backend/src/app.service.ts": {"path":"/home/arth/SOFTWARE STUFF/wocs/backend/src/app.service.ts","statementMap":{"0":{"start":{"line":1,"column":0},"end":{"line":1,"column":44}},"1":{"start":{"line":4,"column":7},"end":{"line":8,"column":null}},"2":{"start":{"line":6,"column":4},"end":{"line":6,"column":26}},"3":{"start":{"line":4,"column":13},"end":{"line":4,"column":23}},"4":{"start":{"line":4,"column":13},"end":{"line":8,"column":null}}},"fnMap":{"0":{"name":"(anonymous_1)","decl":{"start":{"line":5,"column":2},"end":{"line":5,"column":10}},"loc":{"start":{"line":5,"column":10},"end":{"line":7,"column":3}}}},"branchMap":{},"s":{"0":0,"1":0,"2":0,"3":0,"4":0},"f":{"0":0},"b":{}}
,"/home/arth/SOFTWARE STUFF/wocs/backend/src/auth/auth.service.ts": {"path":"/home/arth/SOFTWARE STUFF/wocs/backend/src/auth/auth.service.ts","statementMap":{"0":{"start":{"line":1,"column":0},"end":{"line":1,"column":126}},"1":{"start":{"line":2,"column":0},"end":{"line":2,"column":41}},"2":{"start":{"line":3,"column":0},"end":{"line":3,"column":35}},"3":{"start":{"line":7,"column":0},"end":{"line":7,"column":57}},"4":{"start":{"line":10,"column":7},"end":{"line":133,"column":null}},"5":{"start":{"line":12,"column":21},"end":{"line":12,"column":33}},"6":{"start":{"line":13,"column":21},"end":{"line":13,"column":29}},"7":{"start":{"line":25,"column":4},"end":{"line":25,"column":200}},"8":{"start":{"line":29,"column":17},"end":{"line":29,"column":44}},"9":{"start":{"line":30,"column":18},"end":{"line":30,"column":60}},"10":{"start":{"line":31,"column":21},"end":{"line":31,"column":44}},"11":{"start":{"line":32,"column":17},"end":{"line":32,"column":61}},"12":{"start":{"line":34,"column":4},"end":{"line":36,"column":5}},"13":{"start":{"line":35,"column":6},"end":{"line":35,"column":77}},"14":{"start":{"line":38,"column":21},"end":{"line":38,"column":76}},"15":{"start":{"line":39,"column":4},"end":{"line":39,"column":70}},"16":{"start":{"line":39,"column":18},"end":{"line":39,"column":70}},"17":{"start":{"line":41,"column":25},"end":{"line":41,"column":56}},"18":{"start":{"line":43,"column":17},"end":{"line":46,"column":6}},"19":{"start":{"line":48,"column":4},"end":{"line":48,"column":35}},"20":{"start":{"line":52,"column":18},"end":{"line":52,"column":55}},"21":{"start":{"line":53,"column":21},"end":{"line":53,"column":39}},"22":{"start":{"line":55,"column":4},"end":{"line":55,"column":94}},"23":{"start":{"line":55,"column":29},"end":{"line":55,"column":94}},"24":{"start":{"line":57,"column":17},"end":{"line":60,"column":6}},"25":{"start":{"line":62,"column":4},"end":{"line":62,"column":80}},"26":{"start":{"line":62,"column":25},"end":{"line":62,"column":80}},"27":{"start":{"line":64,"column":15},"end":{"line":64,"column":60}},"28":{"start":{"line":65,"column":4},"end":{"line":65,"column":68}},"29":{"start":{"line":65,"column":13},"end":{"line":65,"column":68}},"30":{"start":{"line":67,"column":18},"end":{"line":67,"column":183}},"31":{"start":{"line":69,"column":4},"end":{"line":72,"column":6}},"32":{"start":{"line":77,"column":4},"end":{"line":77,"column":35}},"33":{"start":{"line":81,"column":18},"end":{"line":81,"column":27}},"34":{"start":{"line":82,"column":18},"end":{"line":94,"column":6}},"35":{"start":{"line":96,"column":4},"end":{"line":96,"column":50}},"36":{"start":{"line":96,"column":28},"end":{"line":96,"column":48}},"37":{"start":{"line":101,"column":4},"end":{"line":101,"column":40}},"38":{"start":{"line":105,"column":4},"end":{"line":105,"column":65}},"39":{"start":{"line":105,"column":17},"end":{"line":105,"column":65}},"40":{"start":{"line":107,"column":21},"end":{"line":110,"column":6}},"41":{"start":{"line":111,"column":4},"end":{"line":111,"column":65}},"42":{"start":{"line":111,"column":19},"end":{"line":111,"column":65}},"43":{"start":{"line":113,"column":22},"end":{"line":113,"column":24}},"44":{"start":{"line":114,"column":4},"end":{"line":114,"column":72}},"45":{"start":{"line":114,"column":38},"end":{"line":114,"column":72}},"46":{"start":{"line":115,"column":4},"end":{"line":115,"column":89}},"47":{"start":{"line":115,"column":39},"end":{"line":115,"column":89}},"48":{"start":{"line":116,"column":4},"end":{"line":116,"column":72}},"49":{"start":{"line":116,"column":38},"end":{"line":116,"column":72}},"50":{"start":{"line":118,"column":17},"end":{"line":122,"column":6}},"51":{"start":{"line":124,"column":4},"end":{"line":124,"column":35}},"52":{"start":{"line":128,"column":4},"end":{"line":128,"column":65}},"53":{"start":{"line":128,"column":17},"end":{"line":128,"column":65}},"54":{"start":{"line":130,"column":4},"end":{"line":130,"column":61}},"55":{"start":{"line":131,"column":4},"end":{"line":131,"column":24}},"56":{"start":{"line":10,"column":13},"end":{"line":10,"column":24}},"57":{"start":{"line":10,"column":13},"end":{"line":133,"column":null}}},"fnMap":{"0":{"name":"(anonymous_11)","decl":{"start":{"line":11,"column":2},"end":{"line":11,"column":null}},"loc":{"start":{"line":13,"column":42},"end":{"line":14,"column":7}}},"1":{"name":"(anonymous_12)","decl":{"start":{"line":16,"column":10},"end":{"line":16,"column":22}},"loc":{"start":{"line":24,"column":3},"end":{"line":26,"column":3}}},"2":{"name":"(anonymous_13)","decl":{"start":{"line":28,"column":2},"end":{"line":28,"column":7}},"loc":{"start":{"line":28,"column":45},"end":{"line":49,"column":3}}},"3":{"name":"(anonymous_14)","decl":{"start":{"line":51,"column":2},"end":{"line":51,"column":7}},"loc":{"start":{"line":51,"column":36},"end":{"line":73,"column":3}}},"4":{"name":"(anonymous_15)","decl":{"start":{"line":75,"column":2},"end":{"line":75,"column":7}},"loc":{"start":{"line":75,"column":20},"end":{"line":78,"column":3}}},"5":{"name":"(anonymous_16)","decl":{"start":{"line":80,"column":2},"end":{"line":80,"column":7}},"loc":{"start":{"line":80,"column":28},"end":{"line":97,"column":3}}},"6":{"name":"(anonymous_17)","decl":{"start":{"line":96,"column":21},"end":{"line":96,"column":22}},"loc":{"start":{"line":96,"column":28},"end":{"line":96,"column":48}}},"7":{"name":"(anonymous_18)","decl":{"start":{"line":99,"column":2},"end":{"line":99,"column":7}},"loc":{"start":{"line":99,"column":47},"end":{"line":102,"column":3}}},"8":{"name":"(anonymous_19)","decl":{"start":{"line":104,"column":2},"end":{"line":104,"column":7}},"loc":{"start":{"line":104,"column":59},"end":{"line":125,"column":3}}},"9":{"name":"(anonymous_20)","decl":{"start":{"line":127,"column":2},"end":{"line":127,"column":7}},"loc":{"start":{"line":127,"column":33},"end":{"line":132,"column":3}}}},"branchMap":{"0":{"loc":{"start":{"line":25,"column":90},"end":{"line":25,"column":117}},"type":"binary-expr","locations":[{"start":{"line":25,"column":90},"end":{"line":25,"column":104}},{"start":{"line":25,"column":108},"end":{"line":25,"column":117}}]},"1":{"loc":{"start":{"line":25,"column":129},"end":{"line":25,"column":155}},"type":"binary-expr","locations":[{"start":{"line":25,"column":129},"end":{"line":25,"column":142}},{"start":{"line":25,"column":146},"end":{"line":25,"column":155}}]},"2":{"loc":{"start":{"line":25,"column":169},"end":{"line":25,"column":197}},"type":"binary-expr","locations":[{"start":{"line":25,"column":169},"end":{"line":25,"column":184}},{"start":{"line":25,"column":188},"end":{"line":25,"column":197}}]},"3":{"loc":{"start":{"line":32,"column":17},"end":{"line":32,"column":61}},"type":"binary-expr","locations":[{"start":{"line":32,"column":17},"end":{"line":32,"column":44}},{"start":{"line":32,"column":48},"end":{"line":32,"column":61}}]},"4":{"loc":{"start":{"line":34,"column":4},"end":{"line":36,"column":5}},"type":"if","locations":[{"start":{"line":34,"column":4},"end":{"line":36,"column":5}},{"start":{},"end":{}}]},"5":{"loc":{"start":{"line":34,"column":8},"end":{"line":34,"column":36}},"type":"binary-expr","locations":[{"start":{"line":34,"column":8},"end":{"line":34,"column":13}},{"start":{"line":34,"column":17},"end":{"line":34,"column":23}},{"start":{"line":34,"column":27},"end":{"line":34,"column":36}}]},"6":{"loc":{"start":{"line":39,"column":4},"end":{"line":39,"column":70}},"type":"if","locations":[{"start":{"line":39,"column":4},"end":{"line":39,"column":70}},{"start":{},"end":{}}]},"7":{"loc":{"start":{"line":55,"column":4},"end":{"line":55,"column":94}},"type":"if","locations":[{"start":{"line":55,"column":4},"end":{"line":55,"column":94}},{"start":{},"end":{}}]},"8":{"loc":{"start":{"line":55,"column":8},"end":{"line":55,"column":27}},"type":"binary-expr","locations":[{"start":{"line":55,"column":8},"end":{"line":55,"column":14}},{"start":{"line":55,"column":18},"end":{"line":55,"column":27}}]},"9":{"loc":{"start":{"line":62,"column":4},"end":{"line":62,"column":80}},"type":"if","locations":[{"start":{"line":62,"column":4},"end":{"line":62,"column":80}},{"start":{},"end":{}}]},"10":{"loc":{"start":{"line":65,"column":4},"end":{"line":65,"column":68}},"type":"if","locations":[{"start":{"line":65,"column":4},"end":{"line":65,"column":68}},{"start":{},"end":{}}]},"11":{"loc":{"start":{"line":67,"column":112},"end":{"line":67,"column":138}},"type":"binary-expr","locations":[{"start":{"line":67,"column":112},"end":{"line":67,"column":125}},{"start":{"line":67,"column":129},"end":{"line":67,"column":138}}]},"12":{"loc":{"start":{"line":67,"column":152},"end":{"line":67,"column":180}},"type":"binary-expr","locations":[{"start":{"line":67,"column":152},"end":{"line":67,"column":167}},{"start":{"line":67,"column":171},"end":{"line":67,"column":180}}]},"13":{"loc":{"start":{"line":83,"column":13},"end":{"line":91,"column":19}},"type":"cond-expr","locations":[{"start":{"line":84,"column":10},"end":{"line":90,"column":null}},{"start":{"line":91,"column":10},"end":{"line":91,"column":19}}]},"14":{"loc":{"start":{"line":105,"column":4},"end":{"line":105,"column":65}},"type":"if","locations":[{"start":{"line":105,"column":4},"end":{"line":105,"column":65}},{"start":{},"end":{}}]},"15":{"loc":{"start":{"line":111,"column":4},"end":{"line":111,"column":65}},"type":"if","locations":[{"start":{"line":111,"column":4},"end":{"line":111,"column":65}},{"start":{},"end":{}}]},"16":{"loc":{"start":{"line":114,"column":4},"end":{"line":114,"column":72}},"type":"if","locations":[{"start":{"line":114,"column":4},"end":{"line":114,"column":72}},{"start":{},"end":{}}]},"17":{"loc":{"start":{"line":115,"column":4},"end":{"line":115,"column":89}},"type":"if","locations":[{"start":{"line":115,"column":4},"end":{"line":115,"column":89}},{"start":{},"end":{}}]},"18":{"loc":{"start":{"line":116,"column":4},"end":{"line":116,"column":72}},"type":"if","locations":[{"start":{"line":116,"column":4},"end":{"line":116,"column":72}},{"start":{},"end":{}}]},"19":{"loc":{"start":{"line":128,"column":4},"end":{"line":128,"column":65}},"type":"if","locations":[{"start":{"line":128,"column":4},"end":{"line":128,"column":65}},{"start":{},"end":{}}]},"20":{"loc":{"start":{"line":12,"column":33},"end":{"line":12,"column":null}},"type":"cond-expr","locations":[{"start":{"line":12,"column":43},"end":{"line":12,"column":null}},{"start":{"line":12,"column":43},"end":{"line":12,"column":null}}]},"21":{"loc":{"start":{"line":12,"column":33},"end":{"line":12,"column":43}},"type":"binary-expr","locations":[{"start":{"line":12,"column":33},"end":{"line":12,"column":null}},{"start":{"line":12,"column":33},"end":{"line":12,"column":43}}]},"22":{"loc":{"start":{"line":12,"column":43},"end":{"line":13,"column":null}},"type":"cond-expr","locations":[{"start":{"line":13,"column":42},"end":{"line":13,"column":null}},{"start":{"line":13,"column":42},"end":{"line":13,"column":null}}]},"23":{"loc":{"start":{"line":12,"column":43},"end":{"line":13,"column":42}},"type":"binary-expr","locations":[{"start":{"line":12,"column":43},"end":{"line":13,"column":null}},{"start":{"line":13,"column":29},"end":{"line":13,"column":42}}]}},"s":{"0":1,"1":1,"2":1,"3":1,"4":1,"5":18,"6":18,"7":7,"8":6,"9":6,"10":6,"11":6,"12":6,"13":3,"14":3,"15":3,"16":1,"17":2,"18":2,"19":2,"20":6,"21":6,"22":6,"23":1,"24":5,"25":5,"26":1,"27":4,"28":4,"29":1,"30":3,"31":3,"32":0,"33":2,"34":2,"35":2,"36":1,"37":0,"38":2,"39":0,"40":2,"41":2,"42":1,"43":1,"44":1,"45":1,"46":1,"47":0,"48":1,"49":0,"50":1,"51":1,"52":2,"53":1,"54":1,"55":1,"56":1,"57":1},"f":{"0":18,"1":7,"2":6,"3":6,"4":0,"5":2,"6":1,"7":0,"8":2,"9":2},"b":{"0":[7,7],"1":[7,6],"2":[7,6],"3":[6,1],"4":[3,3],"5":[6,5,4],"6":[1,2],"7":[1,5],"8":[6,5],"9":[1,4],"10":[1,3],"11":[3,2],"12":[3,2],"13":[1,1],"14":[0,2],"15":[1,1],"16":[1,0],"17":[0,1],"18":[0,1],"19":[1,1],"20":[1,0],"21":[1,1],"22":[1,0],"23":[1,1]}}
,"/home/arth/SOFTWARE STUFF/wocs/backend/src/billing/billing.service.ts": {"path":"/home/arth/SOFTWARE STUFF/wocs/backend/src/billing/billing.service.ts","statementMap":{"0":{"start":{"line":1,"column":0},"end":{"line":1,"column":44}},"1":{"start":{"line":2,"column":0},"end":{"line":2,"column":57}},"2":{"start":{"line":5,"column":7},"end":{"line":81,"column":null}},"3":{"start":{"line":6,"column":31},"end":{"line":6,"column":39}},"4":{"start":{"line":9,"column":18},"end":{"line":9,"column":27}},"5":{"start":{"line":12,"column":20},"end":{"line":31,"column":6}},"6":{"start":{"line":33,"column":4},"end":{"line":50,"column":7}},"7":{"start":{"line":34,"column":53},"end":{"line":34,"column":55}},"8":{"start":{"line":35,"column":6},"end":{"line":37,"column":7}},"9":{"start":{"line":36,"column":8},"end":{"line":36,"column":89}},"10":{"start":{"line":39,"column":6},"end":{"line":49,"column":8}},"11":{"start":{"line":46,"column":53},"end":{"line":46,"column":77}},"12":{"start":{"line":47,"column":50},"end":{"line":47,"column":74}},"13":{"start":{"line":54,"column":19},"end":{"line":62,"column":6}},"14":{"start":{"line":64,"column":4},"end":{"line":64,"column":29}},"15":{"start":{"line":64,"column":17},"end":{"line":64,"column":29}},"16":{"start":{"line":66,"column":4},"end":{"line":79,"column":6}},"17":{"start":{"line":72,"column":40},"end":{"line":78,"column":8}},"18":{"start":{"line":5,"column":13},"end":{"line":5,"column":27}},"19":{"start":{"line":5,"column":13},"end":{"line":81,"column":null}}},"fnMap":{"0":{"name":"(anonymous_2)","decl":{"start":{"line":6,"column":2},"end":{"line":6,"column":31}},"loc":{"start":{"line":6,"column":52},"end":{"line":6,"column":57}}},"1":{"name":"(anonymous_3)","decl":{"start":{"line":8,"column":2},"end":{"line":8,"column":7}},"loc":{"start":{"line":8,"column":26},"end":{"line":51,"column":3}}},"2":{"name":"(anonymous_4)","decl":{"start":{"line":33,"column":23},"end":{"line":33,"column":24}},"loc":{"start":{"line":33,"column":34},"end":{"line":50,"column":5}}},"3":{"name":"(anonymous_5)","decl":{"start":{"line":46,"column":46},"end":{"line":46,"column":47}},"loc":{"start":{"line":46,"column":53},"end":{"line":46,"column":77}}},"4":{"name":"(anonymous_6)","decl":{"start":{"line":47,"column":43},"end":{"line":47,"column":44}},"loc":{"start":{"line":47,"column":50},"end":{"line":47,"column":74}}},"5":{"name":"(anonymous_7)","decl":{"start":{"line":53,"column":2},"end":{"line":53,"column":7}},"loc":{"start":{"line":53,"column":26},"end":{"line":80,"column":3}}},"6":{"name":"(anonymous_8)","decl":{"start":{"line":72,"column":32},"end":{"line":72,"column":33}},"loc":{"start":{"line":72,"column":40},"end":{"line":78,"column":8}}}},"branchMap":{"0":{"loc":{"start":{"line":13,"column":13},"end":{"line":20,"column":19}},"type":"cond-expr","locations":[{"start":{"line":14,"column":10},"end":{"line":19,"column":null}},{"start":{"line":20,"column":10},"end":{"line":20,"column":19}}]},"1":{"loc":{"start":{"line":36,"column":45},"end":{"line":36,"column":83}},"type":"binary-expr","locations":[{"start":{"line":36,"column":45},"end":{"line":36,"column":78}},{"start":{"line":36,"column":82},"end":{"line":36,"column":83}}]},"2":{"loc":{"start":{"line":64,"column":4},"end":{"line":64,"column":29}},"type":"if","locations":[{"start":{"line":64,"column":4},"end":{"line":64,"column":29}},{"start":{},"end":{}}]},"3":{"loc":{"start":{"line":6,"column":39},"end":{"line":6,"column":56}},"type":"cond-expr","locations":[{"start":{"line":6,"column":52},"end":{"line":6,"column":56}},{"start":{"line":6,"column":52},"end":{"line":6,"column":56}}]},"4":{"loc":{"start":{"line":6,"column":39},"end":{"line":6,"column":52}},"type":"binary-expr","locations":[{"start":{"line":6,"column":39},"end":{"line":6,"column":56}},{"start":{"line":6,"column":39},"end":{"line":6,"column":52}}]}},"s":{"0":1,"1":1,"2":1,"3":6,"4":4,"5":4,"6":4,"7":6,"8":6,"9":12,"10":6,"11":12,"12":12,"13":2,"14":2,"15":1,"16":1,"17":2,"18":1,"19":1},"f":{"0":6,"1":4,"2":6,"3":12,"4":12,"5":2,"6":2},"b":{"0":[1,3],"1":[12,9],"2":[1,1],"3":[1,0],"4":[1,1]}}
,"/home/arth/SOFTWARE STUFF/wocs/backend/src/clients/clients.service.ts": {"path":"/home/arth/SOFTWARE STUFF/wocs/backend/src/clients/clients.service.ts","statementMap":{"0":{"start":{"line":1,"column":0},"end":{"line":1,"column":44}},"1":{"start":{"line":2,"column":0},"end":{"line":2,"column":57}},"2":{"start":{"line":5,"column":7},"end":{"line":15,"column":null}},"3":{"start":{"line":6,"column":33},"end":{"line":6,"column":41}},"4":{"start":{"line":9,"column":8},"end":{"line":13,"column":11}},"5":{"start":{"line":5,"column":13},"end":{"line":5,"column":27}},"6":{"start":{"line":5,"column":13},"end":{"line":15,"column":null}}},"fnMap":{"0":{"name":"(anonymous_2)","decl":{"start":{"line":6,"column":4},"end":{"line":6,"column":33}},"loc":{"start":{"line":6,"column":54},"end":{"line":6,"column":59}}},"1":{"name":"(anonymous_3)","decl":{"start":{"line":8,"column":4},"end":{"line":8,"column":9}},"loc":{"start":{"line":8,"column":17},"end":{"line":14,"column":5}}}},"branchMap":{"0":{"loc":{"start":{"line":6,"column":41},"end":{"line":6,"column":58}},"type":"cond-expr","locations":[{"start":{"line":6,"column":54},"end":{"line":6,"column":58}},{"start":{"line":6,"column":54},"end":{"line":6,"column":58}}]},"1":{"loc":{"start":{"line":6,"column":41},"end":{"line":6,"column":54}},"type":"binary-expr","locations":[{"start":{"line":6,"column":41},"end":{"line":6,"column":58}},{"start":{"line":6,"column":41},"end":{"line":6,"column":54}}]}},"s":{"0":0,"1":0,"2":0,"3":0,"4":0,"5":0,"6":0},"f":{"0":0,"1":0},"b":{"0":[0,0],"1":[0,0]}}
,"/home/arth/SOFTWARE STUFF/wocs/backend/src/customers/customers.service.ts": {"path":"/home/arth/SOFTWARE STUFF/wocs/backend/src/customers/customers.service.ts","statementMap":{"0":{"start":{"line":1,"column":0},"end":{"line":1,"column":44}},"1":{"start":{"line":2,"column":0},"end":{"line":2,"column":57}},"2":{"start":{"line":5,"column":7},"end":{"line":22,"column":null}},"3":{"start":{"line":6,"column":33},"end":{"line":6,"column":41}},"4":{"start":{"line":9,"column":8},"end":{"line":13,"column":11}},"5":{"start":{"line":17,"column":8},"end":{"line":20,"column":11}},"6":{"start":{"line":5,"column":13},"end":{"line":5,"column":29}},"7":{"start":{"line":5,"column":13},"end":{"line":22,"column":null}}},"fnMap":{"0":{"name":"(anonymous_2)","decl":{"start":{"line":6,"column":4},"end":{"line":6,"column":33}},"loc":{"start":{"line":6,"column":54},"end":{"line":6,"column":59}}},"1":{"name":"(anonymous_3)","decl":{"start":{"line":8,"column":4},"end":{"line":8,"column":9}},"loc":{"start":{"line":8,"column":17},"end":{"line":14,"column":5}}},"2":{"name":"(anonymous_4)","decl":{"start":{"line":16,"column":4},"end":{"line":16,"column":9}},"loc":{"start":{"line":16,"column":28},"end":{"line":21,"column":5}}}},"branchMap":{"0":{"loc":{"start":{"line":6,"column":41},"end":{"line":6,"column":58}},"type":"cond-expr","locations":[{"start":{"line":6,"column":54},"end":{"line":6,"column":58}},{"start":{"line":6,"column":54},"end":{"line":6,"column":58}}]},"1":{"loc":{"start":{"line":6,"column":41},"end":{"line":6,"column":54}},"type":"binary-expr","locations":[{"start":{"line":6,"column":41},"end":{"line":6,"column":58}},{"start":{"line":6,"column":41},"end":{"line":6,"column":54}}]}},"s":{"0":0,"1":0,"2":0,"3":0,"4":0,"5":0,"6":0,"7":0},"f":{"0":0,"1":0,"2":0},"b":{"0":[0,0],"1":[0,0]}}
,"/home/arth/SOFTWARE STUFF/wocs/backend/src/dashboard/dashboard.service.ts": {"path":"/home/arth/SOFTWARE STUFF/wocs/backend/src/dashboard/dashboard.service.ts","statementMap":{"0":{"start":{"line":1,"column":0},"end":{"line":1,"column":44}},"1":{"start":{"line":2,"column":0},"end":{"line":2,"column":57}},"2":{"start":{"line":5,"column":7},"end":{"line":82,"column":null}},"3":{"start":{"line":6,"column":33},"end":{"line":6,"column":41}},"4":{"start":{"line":9,"column":57},"end":{"line":25,"column":10}},"5":{"start":{"line":28,"column":26},"end":{"line":28,"column":84}},"6":{"start":{"line":28,"column":64},"end":{"line":28,"column":77}},"7":{"start":{"line":31,"column":29},"end":{"line":31,"column":82}},"8":{"start":{"line":31,"column":50},"end":{"line":31,"column":74}},"9":{"start":{"line":34,"column":20},"end":{"line":34,"column":30}},"10":{"start":{"line":35,"column":26},"end":{"line":35,"column":27}},"11":{"start":{"line":36,"column":26},"end":{"line":36,"column":27}},"12":{"start":{"line":38,"column":8},"end":{"line":48,"column":9}},"13":{"start":{"line":39,"column":12},"end":{"line":39,"column":51}},"14":{"start":{"line":39,"column":42},"end":{"line":39,"column":51}},"15":{"start":{"line":40,"column":12},"end":{"line":40,"column":43}},"16":{"start":{"line":40,"column":34},"end":{"line":40,"column":43}},"17":{"start":{"line":42,"column":31},"end":{"line":42,"column":72}},"18":{"start":{"line":43,"column":12},"end":{"line":47,"column":13}},"19":{"start":{"line":44,"column":16},"end":{"line":44,"column":30}},"20":{"start":{"line":45,"column":19},"end":{"line":47,"column":13}},"21":{"start":{"line":46,"column":16},"end":{"line":46,"column":30}},"22":{"start":{"line":51,"column":29},"end":{"line":57,"column":11}},"23":{"start":{"line":51,"column":60},"end":{"line":57,"column":10}},"24":{"start":{"line":60,"column":31},"end":{"line":71,"column":10}},"25":{"start":{"line":61,"column":32},"end":{"line":61,"column":95}},"26":{"start":{"line":61,"column":71},"end":{"line":61,"column":91}},"27":{"start":{"line":62,"column":12},"end":{"line":70,"column":14}},"28":{"start":{"line":73,"column":8},"end":{"line":80,"column":10}},"29":{"start":{"line":5,"column":13},"end":{"line":5,"column":29}},"30":{"start":{"line":5,"column":13},"end":{"line":82,"column":null}}},"fnMap":{"0":{"name":"(anonymous_2)","decl":{"start":{"line":6,"column":4},"end":{"line":6,"column":33}},"loc":{"start":{"line":6,"column":54},"end":{"line":6,"column":59}}},"1":{"name":"(anonymous_3)","decl":{"start":{"line":8,"column":4},"end":{"line":8,"column":9}},"loc":{"start":{"line":8,"column":18},"end":{"line":81,"column":5}}},"2":{"name":"(anonymous_4)","decl":{"start":{"line":28,"column":57},"end":{"line":28,"column":58}},"loc":{"start":{"line":28,"column":64},"end":{"line":28,"column":77}}},"3":{"name":"(anonymous_5)","decl":{"start":{"line":31,"column":43},"end":{"line":31,"column":44}},"loc":{"start":{"line":31,"column":50},"end":{"line":31,"column":74}}},"4":{"name":"(anonymous_6)","decl":{"start":{"line":51,"column":52},"end":{"line":51,"column":53}},"loc":{"start":{"line":51,"column":60},"end":{"line":57,"column":10}}},"5":{"name":"(anonymous_7)","decl":{"start":{"line":60,"column":46},"end":{"line":60,"column":47}},"loc":{"start":{"line":60,"column":53},"end":{"line":71,"column":9}}},"6":{"name":"(anonymous_8)","decl":{"start":{"line":61,"column":61},"end":{"line":61,"column":62}},"loc":{"start":{"line":61,"column":71},"end":{"line":61,"column":91}}}},"branchMap":{"0":{"loc":{"start":{"line":39,"column":12},"end":{"line":39,"column":51}},"type":"if","locations":[{"start":{"line":39,"column":12},"end":{"line":39,"column":51}},{"start":{},"end":{}}]},"1":{"loc":{"start":{"line":40,"column":12},"end":{"line":40,"column":43}},"type":"if","locations":[{"start":{"line":40,"column":12},"end":{"line":40,"column":43}},{"start":{},"end":{}}]},"2":{"loc":{"start":{"line":43,"column":12},"end":{"line":47,"column":13}},"type":"if","locations":[{"start":{"line":43,"column":12},"end":{"line":47,"column":13}},{"start":{"line":45,"column":19},"end":{"line":47,"column":13}}]},"3":{"loc":{"start":{"line":43,"column":16},"end":{"line":43,"column":48}},"type":"binary-expr","locations":[{"start":{"line":43,"column":16},"end":{"line":43,"column":29}},{"start":{"line":43,"column":33},"end":{"line":43,"column":48}}]},"4":{"loc":{"start":{"line":45,"column":19},"end":{"line":47,"column":13}},"type":"if","locations":[{"start":{"line":45,"column":19},"end":{"line":47,"column":13}},{"start":{},"end":{}}]},"5":{"loc":{"start":{"line":45,"column":38},"end":{"line":45,"column":74}},"type":"binary-expr","locations":[{"start":{"line":45,"column":38},"end":{"line":45,"column":69}},{"start":{"line":45,"column":73},"end":{"line":45,"column":74}}]},"6":{"loc":{"start":{"line":66,"column":26},"end":{"line":66,"column":75}},"type":"binary-expr","locations":[{"start":{"line":66,"column":26},"end":{"line":66,"column":61}},{"start":{"line":66,"column":65},"end":{"line":66,"column":75}}]},"7":{"loc":{"start":{"line":68,"column":29},"end":{"line":68,"column":119}},"type":"cond-expr","locations":[{"start":{"line":68,"column":47},"end":{"line":68,"column":115}},{"start":{"line":68,"column":118},"end":{"line":68,"column":119}}]},"8":{"loc":{"start":{"line":6,"column":41},"end":{"line":6,"column":58}},"type":"cond-expr","locations":[{"start":{"line":6,"column":54},"end":{"line":6,"column":58}},{"start":{"line":6,"column":54},"end":{"line":6,"column":58}}]},"9":{"loc":{"start":{"line":6,"column":41},"end":{"line":6,"column":54}},"type":"binary-expr","locations":[{"start":{"line":6,"column":41},"end":{"line":6,"column":58}},{"start":{"line":6,"column":41},"end":{"line":6,"column":54}}]}},"s":{"0":1,"1":1,"2":1,"3":7,"4":7,"5":7,"6":18,"7":7,"8":24,"9":7,"10":7,"11":7,"12":7,"13":24,"14":6,"15":18,"16":0,"17":18,"18":18,"19":6,"20":12,"21":6,"22":7,"23":24,"24":7,"25":6,"26":12,"27":6,"28":7,"29":1,"30":1},"f":{"0":7,"1":7,"2":18,"3":24,"4":24,"5":6,"6":12},"b":{"0":[6,18],"1":[0,18],"2":[6,12],"3":[18,12],"4":[6,6],"5":[12,0],"6":[6,0],"7":[6,0],"8":[1,0],"9":[1,1]}}
,"/home/arth/SOFTWARE STUFF/wocs/backend/src/inventory/inventory.service.ts": {"path":"/home/arth/SOFTWARE STUFF/wocs/backend/src/inventory/inventory.service.ts","statementMap":{"0":{"start":{"line":1,"column":0},"end":{"line":1,"column":65}},"1":{"start":{"line":2,"column":0},"end":{"line":2,"column":57}},"2":{"start":{"line":5,"column":7},"end":{"line":151,"column":null}},"3":{"start":{"line":6,"column":31},"end":{"line":6,"column":39}},"4":{"start":{"line":9,"column":22},"end":{"line":9,"column":65}},"5":{"start":{"line":10,"column":4},"end":{"line":24,"column":6}},"6":{"start":{"line":28,"column":18},"end":{"line":28,"column":27}},"7":{"start":{"line":30,"column":35},"end":{"line":30,"column":37}},"8":{"start":{"line":32,"column":4},"end":{"line":41,"column":5}},"9":{"start":{"line":33,"column":6},"end":{"line":40,"column":9}},"10":{"start":{"line":44,"column":4},"end":{"line":46,"column":5}},"11":{"start":{"line":45,"column":6},"end":{"line":45,"column":41}},"12":{"start":{"line":48,"column":18},"end":{"line":56,"column":6}},"13":{"start":{"line":58,"column":4},"end":{"line":58,"column":54}},"14":{"start":{"line":58,"column":28},"end":{"line":58,"column":52}},"15":{"start":{"line":62,"column":17},"end":{"line":69,"column":6}},"16":{"start":{"line":71,"column":4},"end":{"line":71,"column":27}},"17":{"start":{"line":71,"column":15},"end":{"line":71,"column":27}},"18":{"start":{"line":72,"column":4},"end":{"line":72,"column":39}},"19":{"start":{"line":76,"column":17},"end":{"line":80,"column":6}},"20":{"start":{"line":82,"column":4},"end":{"line":87,"column":8}},"21":{"start":{"line":82,"column":28},"end":{"line":87,"column":6}},"22":{"start":{"line":100,"column":4},"end":{"line":102,"column":5}},"23":{"start":{"line":101,"column":6},"end":{"line":101,"column":95}},"24":{"start":{"line":104,"column":21},"end":{"line":112,"column":6}},"25":{"start":{"line":114,"column":25},"end":{"line":114,"column":26}},"26":{"start":{"line":116,"column":4},"end":{"line":134,"column":5}},"27":{"start":{"line":117,"column":6},"end":{"line":117,"column":47}},"28":{"start":{"line":118,"column":6},"end":{"line":121,"column":9}},"29":{"start":{"line":123,"column":6},"end":{"line":133,"column":9}},"30":{"start":{"line":137,"column":4},"end":{"line":147,"column":7}},"31":{"start":{"line":149,"column":4},"end":{"line":149,"column":87}},"32":{"start":{"line":5,"column":13},"end":{"line":5,"column":29}},"33":{"start":{"line":5,"column":13},"end":{"line":151,"column":null}}},"fnMap":{"0":{"name":"(anonymous_2)","decl":{"start":{"line":6,"column":2},"end":{"line":6,"column":31}},"loc":{"start":{"line":6,"column":52},"end":{"line":6,"column":57}}},"1":{"name":"(anonymous_3)","decl":{"start":{"line":8,"column":10},"end":{"line":8,"column":26}},"loc":{"start":{"line":8,"column":36},"end":{"line":25,"column":3}}},"2":{"name":"(anonymous_4)","decl":{"start":{"line":27,"column":2},"end":{"line":27,"column":7}},"loc":{"start":{"line":27,"column":45},"end":{"line":59,"column":3}}},"3":{"name":"(anonymous_5)","decl":{"start":{"line":58,"column":21},"end":{"line":58,"column":22}},"loc":{"start":{"line":58,"column":28},"end":{"line":58,"column":52}}},"4":{"name":"(anonymous_6)","decl":{"start":{"line":61,"column":2},"end":{"line":61,"column":7}},"loc":{"start":{"line":61,"column":26},"end":{"line":73,"column":3}}},"5":{"name":"(anonymous_7)","decl":{"start":{"line":75,"column":2},"end":{"line":75,"column":7}},"loc":{"start":{"line":75,"column":34},"end":{"line":88,"column":3}}},"6":{"name":"(anonymous_8)","decl":{"start":{"line":82,"column":20},"end":{"line":82,"column":21}},"loc":{"start":{"line":82,"column":28},"end":{"line":87,"column":6}}},"7":{"name":"(anonymous_9)","decl":{"start":{"line":90,"column":2},"end":{"line":90,"column":7}},"loc":{"start":{"line":99,"column":3},"end":{"line":150,"column":3}}}},"branchMap":{"0":{"loc":{"start":{"line":23,"column":14},"end":{"line":23,"column":82}},"type":"cond-expr","locations":[{"start":{"line":23,"column":32},"end":{"line":23,"column":74}},{"start":{"line":23,"column":77},"end":{"line":23,"column":82}}]},"1":{"loc":{"start":{"line":32,"column":4},"end":{"line":41,"column":5}},"type":"if","locations":[{"start":{"line":32,"column":4},"end":{"line":41,"column":5}},{"start":{},"end":{}}]},"2":{"loc":{"start":{"line":44,"column":4},"end":{"line":46,"column":5}},"type":"if","locations":[{"start":{"line":44,"column":4},"end":{"line":46,"column":5}},{"start":{},"end":{}}]},"3":{"loc":{"start":{"line":49,"column":13},"end":{"line":49,"column":78}},"type":"cond-expr","locations":[{"start":{"line":49,"column":42},"end":{"line":49,"column":66}},{"start":{"line":49,"column":69},"end":{"line":49,"column":78}}]},"4":{"loc":{"start":{"line":71,"column":4},"end":{"line":71,"column":27}},"type":"if","locations":[{"start":{"line":71,"column":4},"end":{"line":71,"column":27}},{"start":{},"end":{}}]},"5":{"loc":{"start":{"line":77,"column":13},"end":{"line":77,"column":48}},"type":"cond-expr","locations":[{"start":{"line":77,"column":24},"end":{"line":77,"column":36}},{"start":{"line":77,"column":39},"end":{"line":77,"column":48}}]},"6":{"loc":{"start":{"line":100,"column":4},"end":{"line":102,"column":5}},"type":"if","locations":[{"start":{"line":100,"column":4},"end":{"line":102,"column":5}},{"start":{},"end":{}}]},"7":{"loc":{"start":{"line":100,"column":8},"end":{"line":100,"column":76}},"type":"binary-expr","locations":[{"start":{"line":100,"column":8},"end":{"line":100,"column":25}},{"start":{"line":100,"column":29},"end":{"line":100,"column":43}},{"start":{"line":100,"column":47},"end":{"line":100,"column":58}},{"start":{"line":100,"column":62},"end":{"line":100,"column":76}}]},"8":{"loc":{"start":{"line":109,"column":20},"end":{"line":109,"column":43}},"type":"binary-expr","locations":[{"start":{"line":109,"column":20},"end":{"line":109,"column":35}},{"start":{"line":109,"column":39},"end":{"line":109,"column":43}}]},"9":{"loc":{"start":{"line":110,"column":21},"end":{"line":110,"column":45}},"type":"binary-expr","locations":[{"start":{"line":110,"column":21},"end":{"line":110,"column":37}},{"start":{"line":110,"column":41},"end":{"line":110,"column":45}}]},"10":{"loc":{"start":{"line":116,"column":4},"end":{"line":134,"column":5}},"type":"if","locations":[{"start":{"line":116,"column":4},"end":{"line":134,"column":5}},{"start":{"line":122,"column":11},"end":{"line":134,"column":5}}]},"11":{"loc":{"start":{"line":131,"column":22},"end":{"line":131,"column":77}},"type":"cond-expr","locations":[{"start":{"line":131,"column":40},"end":{"line":131,"column":65}},{"start":{"line":131,"column":68},"end":{"line":131,"column":77}}]},"12":{"loc":{"start":{"line":6,"column":39},"end":{"line":6,"column":56}},"type":"cond-expr","locations":[{"start":{"line":6,"column":52},"end":{"line":6,"column":56}},{"start":{"line":6,"column":52},"end":{"line":6,"column":56}}]},"13":{"loc":{"start":{"line":6,"column":39},"end":{"line":6,"column":52}},"type":"binary-expr","locations":[{"start":{"line":6,"column":39},"end":{"line":6,"column":56}},{"start":{"line":6,"column":39},"end":{"line":6,"column":52}}]}},"s":{"0":1,"1":1,"2":1,"3":13,"4":2,"5":2,"6":4,"7":4,"8":4,"9":1,"10":4,"11":1,"12":4,"13":4,"14":1,"15":2,"16":2,"17":1,"18":1,"19":2,"20":2,"21":1,"22":5,"23":2,"24":3,"25":3,"26":3,"27":2,"28":2,"29":1,"30":3,"31":3,"32":1,"33":1},"f":{"0":13,"1":2,"2":4,"3":1,"4":2,"5":2,"6":1,"7":5},"b":{"0":[0,2],"1":[1,3],"2":[1,3],"3":[2,2],"4":[1,1],"5":[1,1],"6":[2,3],"7":[5,4,4,4],"8":[3,3],"9":[3,3],"10":[2,1],"11":[0,1],"12":[1,0],"13":[1,1]}}
,"/home/arth/SOFTWARE STUFF/wocs/backend/src/inventory-requests/inventory-requests.service.ts": {"path":"/home/arth/SOFTWARE STUFF/wocs/backend/src/inventory-requests/inventory-requests.service.ts","statementMap":{"0":{"start":{"line":1,"column":0},"end":{"line":1,"column":104}},"1":{"start":{"line":2,"column":0},"end":{"line":2,"column":57}},"2":{"start":{"line":5,"column":7},"end":{"line":185,"column":null}},"3":{"start":{"line":6,"column":33},"end":{"line":6,"column":41}},"4":{"start":{"line":19,"column":8},"end":{"line":21,"column":9}},"5":{"start":{"line":20,"column":12},"end":{"line":20,"column":105}},"6":{"start":{"line":23,"column":8},"end":{"line":38,"column":11}},"7":{"start":{"line":47,"column":27},"end":{"line":47,"column":29}},"8":{"start":{"line":49,"column":8},"end":{"line":52,"column":9}},"9":{"start":{"line":50,"column":12},"end":{"line":50,"column":42}},"10":{"start":{"line":50,"column":32},"end":{"line":50,"column":42}},"11":{"start":{"line":51,"column":12},"end":{"line":51,"column":43}},"12":{"start":{"line":54,"column":8},"end":{"line":64,"column":11}},"13":{"start":{"line":71,"column":20},"end":{"line":71,"column":95}},"14":{"start":{"line":72,"column":8},"end":{"line":72,"column":67}},"15":{"start":{"line":72,"column":18},"end":{"line":72,"column":67}},"16":{"start":{"line":73,"column":8},"end":{"line":73,"column":109}},"17":{"start":{"line":73,"column":38},"end":{"line":73,"column":109}},"18":{"start":{"line":76,"column":8},"end":{"line":78,"column":9}},"19":{"start":{"line":77,"column":12},"end":{"line":77,"column":94}},"20":{"start":{"line":80,"column":8},"end":{"line":92,"column":11}},"21":{"start":{"line":99,"column":20},"end":{"line":99,"column":95}},"22":{"start":{"line":100,"column":8},"end":{"line":100,"column":67}},"23":{"start":{"line":100,"column":18},"end":{"line":100,"column":67}},"24":{"start":{"line":101,"column":8},"end":{"line":101,"column":109}},"25":{"start":{"line":101,"column":38},"end":{"line":101,"column":109}},"26":{"start":{"line":103,"column":8},"end":{"line":105,"column":9}},"27":{"start":{"line":104,"column":12},"end":{"line":104,"column":93}},"28":{"start":{"line":107,"column":8},"end":{"line":119,"column":11}},"29":{"start":{"line":127,"column":20},"end":{"line":127,"column":95}},"30":{"start":{"line":128,"column":8},"end":{"line":128,"column":67}},"31":{"start":{"line":128,"column":18},"end":{"line":128,"column":67}},"32":{"start":{"line":129,"column":8},"end":{"line":129,"column":121}},"33":{"start":{"line":129,"column":39},"end":{"line":129,"column":121}},"34":{"start":{"line":132,"column":25},"end":{"line":138,"column":10}},"35":{"start":{"line":140,"column":8},"end":{"line":156,"column":9}},"36":{"start":{"line":141,"column":12},"end":{"line":146,"column":15}},"37":{"start":{"line":148,"column":12},"end":{"line":155,"column":15}},"38":{"start":{"line":159,"column":8},"end":{"line":170,"column":11}},"39":{"start":{"line":172,"column":8},"end":{"line":183,"column":11}},"40":{"start":{"line":5,"column":13},"end":{"line":5,"column":37}},"41":{"start":{"line":5,"column":13},"end":{"line":185,"column":null}}},"fnMap":{"0":{"name":"(anonymous_2)","decl":{"start":{"line":6,"column":4},"end":{"line":6,"column":33}},"loc":{"start":{"line":6,"column":54},"end":{"line":6,"column":59}}},"1":{"name":"(anonymous_3)","decl":{"start":{"line":11,"column":4},"end":{"line":11,"column":9}},"loc":{"start":{"line":18,"column":5},"end":{"line":39,"column":5}}},"2":{"name":"(anonymous_4)","decl":{"start":{"line":46,"column":4},"end":{"line":46,"column":9}},"loc":{"start":{"line":46,"column":71},"end":{"line":65,"column":5}}},"3":{"name":"(anonymous_5)","decl":{"start":{"line":70,"column":4},"end":{"line":70,"column":9}},"loc":{"start":{"line":70,"column":90},"end":{"line":93,"column":5}}},"4":{"name":"(anonymous_6)","decl":{"start":{"line":98,"column":4},"end":{"line":98,"column":9}},"loc":{"start":{"line":98,"column":89},"end":{"line":120,"column":5}}},"5":{"name":"(anonymous_7)","decl":{"start":{"line":126,"column":4},"end":{"line":126,"column":9}},"loc":{"start":{"line":126,"column":79},"end":{"line":184,"column":5}}}},"branchMap":{"0":{"loc":{"start":{"line":19,"column":8},"end":{"line":21,"column":9}},"type":"if","locations":[{"start":{"line":19,"column":8},"end":{"line":21,"column":9}},{"start":{},"end":{}}]},"1":{"loc":{"start":{"line":19,"column":12},"end":{"line":19,"column":84}},"type":"binary-expr","locations":[{"start":{"line":19,"column":12},"end":{"line":19,"column":29}},{"start":{"line":19,"column":33},"end":{"line":19,"column":47}},{"start":{"line":19,"column":51},"end":{"line":19,"column":62}},{"start":{"line":19,"column":66},"end":{"line":19,"column":84}}]},"2":{"loc":{"start":{"line":49,"column":8},"end":{"line":52,"column":9}},"type":"if","locations":[{"start":{"line":49,"column":8},"end":{"line":52,"column":9}},{"start":{},"end":{}}]},"3":{"loc":{"start":{"line":50,"column":12},"end":{"line":50,"column":42}},"type":"if","locations":[{"start":{"line":50,"column":12},"end":{"line":50,"column":42}},{"start":{},"end":{}}]},"4":{"loc":{"start":{"line":72,"column":8},"end":{"line":72,"column":67}},"type":"if","locations":[{"start":{"line":72,"column":8},"end":{"line":72,"column":67}},{"start":{},"end":{}}]},"5":{"loc":{"start":{"line":73,"column":8},"end":{"line":73,"column":109}},"type":"if","locations":[{"start":{"line":73,"column":8},"end":{"line":73,"column":109}},{"start":{},"end":{}}]},"6":{"loc":{"start":{"line":76,"column":8},"end":{"line":78,"column":9}},"type":"if","locations":[{"start":{"line":76,"column":8},"end":{"line":78,"column":9}},{"start":{},"end":{}}]},"7":{"loc":{"start":{"line":76,"column":12},"end":{"line":76,"column":73}},"type":"binary-expr","locations":[{"start":{"line":76,"column":12},"end":{"line":76,"column":39}},{"start":{"line":76,"column":43},"end":{"line":76,"column":73}}]},"8":{"loc":{"start":{"line":100,"column":8},"end":{"line":100,"column":67}},"type":"if","locations":[{"start":{"line":100,"column":8},"end":{"line":100,"column":67}},{"start":{},"end":{}}]},"9":{"loc":{"start":{"line":101,"column":8},"end":{"line":101,"column":109}},"type":"if","locations":[{"start":{"line":101,"column":8},"end":{"line":101,"column":109}},{"start":{},"end":{}}]},"10":{"loc":{"start":{"line":103,"column":8},"end":{"line":105,"column":9}},"type":"if","locations":[{"start":{"line":103,"column":8},"end":{"line":105,"column":9}},{"start":{},"end":{}}]},"11":{"loc":{"start":{"line":103,"column":12},"end":{"line":103,"column":73}},"type":"binary-expr","locations":[{"start":{"line":103,"column":12},"end":{"line":103,"column":39}},{"start":{"line":103,"column":43},"end":{"line":103,"column":73}}]},"12":{"loc":{"start":{"line":128,"column":8},"end":{"line":128,"column":67}},"type":"if","locations":[{"start":{"line":128,"column":8},"end":{"line":128,"column":67}},{"start":{},"end":{}}]},"13":{"loc":{"start":{"line":129,"column":8},"end":{"line":129,"column":121}},"type":"if","locations":[{"start":{"line":129,"column":8},"end":{"line":129,"column":121}},{"start":{},"end":{}}]},"14":{"loc":{"start":{"line":140,"column":8},"end":{"line":156,"column":9}},"type":"if","locations":[{"start":{"line":140,"column":8},"end":{"line":156,"column":9}},{"start":{"line":147,"column":15},"end":{"line":156,"column":9}}]},"15":{"loc":{"start":{"line":164,"column":32},"end":{"line":164,"column":61}},"type":"binary-expr","locations":[{"start":{"line":164,"column":32},"end":{"line":164,"column":56}},{"start":{"line":164,"column":60},"end":{"line":164,"column":61}}]},"16":{"loc":{"start":{"line":166,"column":32},"end":{"line":166,"column":61}},"type":"binary-expr","locations":[{"start":{"line":166,"column":32},"end":{"line":166,"column":56}},{"start":{"line":166,"column":60},"end":{"line":166,"column":61}}]},"17":{"loc":{"start":{"line":6,"column":41},"end":{"line":6,"column":58}},"type":"cond-expr","locations":[{"start":{"line":6,"column":54},"end":{"line":6,"column":58}},{"start":{"line":6,"column":54},"end":{"line":6,"column":58}}]},"18":{"loc":{"start":{"line":6,"column":41},"end":{"line":6,"column":54}},"type":"binary-expr","locations":[{"start":{"line":6,"column":41},"end":{"line":6,"column":58}},{"start":{"line":6,"column":41},"end":{"line":6,"column":54}}]}},"s":{"0":1,"1":1,"2":1,"3":16,"4":3,"5":2,"6":1,"7":3,"8":3,"9":2,"10":1,"11":1,"12":2,"13":4,"14":4,"15":1,"16":3,"17":1,"18":2,"19":1,"20":1,"21":2,"22":2,"23":0,"24":2,"25":0,"26":2,"27":1,"28":1,"29":4,"30":4,"31":1,"32":3,"33":1,"34":2,"35":2,"36":1,"37":1,"38":2,"39":2,"40":1,"41":1},"f":{"0":16,"1":3,"2":3,"3":4,"4":2,"5":4},"b":{"0":[2,1],"1":[3,2,2,2],"2":[2,1],"3":[1,1],"4":[1,3],"5":[1,2],"6":[1,1],"7":[2,2],"8":[0,2],"9":[0,2],"10":[1,1],"11":[2,2],"12":[1,3],"13":[1,2],"14":[1,1],"15":[2,1],"16":[2,1],"17":[1,0],"18":[1,1]}}
,"/home/arth/SOFTWARE STUFF/wocs/backend/src/orders/orders.service.ts": {"path":"/home/arth/SOFTWARE STUFF/wocs/backend/src/orders/orders.service.ts","statementMap":{"0":{"start":{"line":1,"column":0},"end":{"line":1,"column":84}},"1":{"start":{"line":2,"column":0},"end":{"line":2,"column":57}},"2":{"start":{"line":4,"column":21},"end":{"line":4,"column":93}},"3":{"start":{"line":7,"column":7},"end":{"line":465,"column":null}},"4":{"start":{"line":8,"column":31},"end":{"line":8,"column":39}},"5":{"start":{"line":11,"column":4},"end":{"line":39,"column":6}},"6":{"start":{"line":31,"column":50},"end":{"line":38,"column":8}},"7":{"start":{"line":43,"column":17},"end":{"line":43,"column":41}},"8":{"start":{"line":44,"column":22},"end":{"line":47,"column":6}},"9":{"start":{"line":48,"column":20},"end":{"line":48,"column":92}},"10":{"start":{"line":49,"column":4},"end":{"line":49,"column":65}},"11":{"start":{"line":52,"column":34},"end":{"line":57,"column":4}},"12":{"start":{"line":70,"column":4},"end":{"line":72,"column":5}},"13":{"start":{"line":71,"column":6},"end":{"line":71,"column":77}},"14":{"start":{"line":73,"column":4},"end":{"line":75,"column":5}},"15":{"start":{"line":74,"column":6},"end":{"line":74,"column":75}},"16":{"start":{"line":78,"column":69},"end":{"line":78,"column":71}},"17":{"start":{"line":80,"column":4},"end":{"line":103,"column":5}},"18":{"start":{"line":81,"column":6},"end":{"line":81,"column":84}},"19":{"start":{"line":81,"column":30},"end":{"line":81,"column":84}},"20":{"start":{"line":83,"column":23},"end":{"line":89,"column":8}},"21":{"start":{"line":91,"column":6},"end":{"line":93,"column":7}},"22":{"start":{"line":92,"column":8},"end":{"line":92,"column":100}},"23":{"start":{"line":95,"column":24},"end":{"line":95,"column":75}},"24":{"start":{"line":96,"column":6},"end":{"line":100,"column":7}},"25":{"start":{"line":97,"column":8},"end":{"line":99,"column":10}},"26":{"start":{"line":102,"column":6},"end":{"line":102,"column":78}},"27":{"start":{"line":106,"column":21},"end":{"line":106,"column":50}},"28":{"start":{"line":107,"column":16},"end":{"line":107,"column":26}},"29":{"start":{"line":108,"column":24},"end":{"line":108,"column":51}},"30":{"start":{"line":109,"column":24},"end":{"line":109,"column":72}},"31":{"start":{"line":111,"column":18},"end":{"line":133,"column":6}},"32":{"start":{"line":125,"column":46},"end":{"line":129,"column":12}},"33":{"start":{"line":136,"column":4},"end":{"line":155,"column":5}},"34":{"start":{"line":137,"column":18},"end":{"line":137,"column":99}},"35":{"start":{"line":138,"column":6},"end":{"line":141,"column":9}},"36":{"start":{"line":143,"column":6},"end":{"line":154,"column":9}},"37":{"start":{"line":157,"column":4},"end":{"line":157,"column":32}},"38":{"start":{"line":161,"column":18},"end":{"line":164,"column":6}},"39":{"start":{"line":165,"column":4},"end":{"line":165,"column":63}},"40":{"start":{"line":165,"column":16},"end":{"line":165,"column":63}},"41":{"start":{"line":167,"column":23},"end":{"line":167,"column":57}},"42":{"start":{"line":168,"column":19},"end":{"line":168,"column":50}},"43":{"start":{"line":170,"column":4},"end":{"line":170,"column":82}},"44":{"start":{"line":170,"column":20},"end":{"line":170,"column":82}},"45":{"start":{"line":171,"column":4},"end":{"line":173,"column":5}},"46":{"start":{"line":172,"column":6},"end":{"line":172,"column":162}},"47":{"start":{"line":175,"column":28},"end":{"line":175,"column":49}},"48":{"start":{"line":178,"column":4},"end":{"line":211,"column":5}},"49":{"start":{"line":179,"column":6},"end":{"line":179,"column":43}},"50":{"start":{"line":180,"column":6},"end":{"line":182,"column":7}},"51":{"start":{"line":181,"column":8},"end":{"line":181,"column":38}},"52":{"start":{"line":184,"column":6},"end":{"line":210,"column":7}},"53":{"start":{"line":185,"column":8},"end":{"line":209,"column":9}},"54":{"start":{"line":186,"column":22},"end":{"line":186,"column":113}},"55":{"start":{"line":187,"column":10},"end":{"line":208,"column":11}},"56":{"start":{"line":188,"column":12},"end":{"line":194,"column":15}},"57":{"start":{"line":196,"column":12},"end":{"line":207,"column":15}},"58":{"start":{"line":213,"column":4},"end":{"line":215,"column":5}},"59":{"start":{"line":214,"column":6},"end":{"line":214,"column":42}},"60":{"start":{"line":217,"column":20},"end":{"line":221,"column":6}},"61":{"start":{"line":223,"column":4},"end":{"line":223,"column":34}},"62":{"start":{"line":227,"column":18},"end":{"line":230,"column":6}},"63":{"start":{"line":231,"column":4},"end":{"line":231,"column":63}},"64":{"start":{"line":231,"column":16},"end":{"line":231,"column":63}},"65":{"start":{"line":233,"column":27},"end":{"line":233,"column":54}},"66":{"start":{"line":234,"column":4},"end":{"line":236,"column":5}},"67":{"start":{"line":235,"column":6},"end":{"line":235,"column":87}},"68":{"start":{"line":239,"column":4},"end":{"line":262,"column":5}},"69":{"start":{"line":240,"column":6},"end":{"line":261,"column":7}},"70":{"start":{"line":241,"column":20},"end":{"line":241,"column":111}},"71":{"start":{"line":242,"column":8},"end":{"line":260,"column":9}},"72":{"start":{"line":243,"column":10},"end":{"line":246,"column":13}},"73":{"start":{"line":248,"column":10},"end":{"line":259,"column":13}},"74":{"start":{"line":264,"column":4},"end":{"line":264,"column":54}},"75":{"start":{"line":265,"column":4},"end":{"line":265,"column":24}},"76":{"start":{"line":269,"column":18},"end":{"line":269,"column":27}},"77":{"start":{"line":270,"column":35},"end":{"line":270,"column":37}},"78":{"start":{"line":272,"column":4},"end":{"line":283,"column":5}},"79":{"start":{"line":273,"column":6},"end":{"line":282,"column":9}},"80":{"start":{"line":285,"column":4},"end":{"line":285,"column":53}},"81":{"start":{"line":285,"column":18},"end":{"line":285,"column":53}},"82":{"start":{"line":286,"column":4},"end":{"line":286,"column":57}},"83":{"start":{"line":286,"column":20},"end":{"line":286,"column":57}},"84":{"start":{"line":287,"column":4},"end":{"line":287,"column":49}},"85":{"start":{"line":287,"column":16},"end":{"line":287,"column":49}},"86":{"start":{"line":289,"column":19},"end":{"line":293,"column":6}},"87":{"start":{"line":295,"column":4},"end":{"line":295,"column":47}},"88":{"start":{"line":295,"column":29},"end":{"line":295,"column":45}},"89":{"start":{"line":299,"column":18},"end":{"line":302,"column":6}},"90":{"start":{"line":303,"column":4},"end":{"line":303,"column":28}},"91":{"start":{"line":303,"column":16},"end":{"line":303,"column":28}},"92":{"start":{"line":304,"column":4},"end":{"line":304,"column":32}},"93":{"start":{"line":323,"column":4},"end":{"line":325,"column":5}},"94":{"start":{"line":324,"column":6},"end":{"line":324,"column":90}},"95":{"start":{"line":326,"column":4},"end":{"line":328,"column":5}},"96":{"start":{"line":327,"column":6},"end":{"line":327,"column":74}},"97":{"start":{"line":329,"column":4},"end":{"line":331,"column":5}},"98":{"start":{"line":330,"column":6},"end":{"line":330,"column":84}},"99":{"start":{"line":330,"column":30},"end":{"line":330,"column":84}},"100":{"start":{"line":333,"column":21},"end":{"line":333,"column":50}},"101":{"start":{"line":335,"column":18},"end":{"line":355,"column":6}},"102":{"start":{"line":348,"column":41},"end":{"line":351,"column":12}},"103":{"start":{"line":357,"column":4},"end":{"line":357,"column":32}},"104":{"start":{"line":365,"column":18},"end":{"line":368,"column":6}},"105":{"start":{"line":369,"column":4},"end":{"line":369,"column":71}},"106":{"start":{"line":369,"column":16},"end":{"line":369,"column":71}},"107":{"start":{"line":370,"column":4},"end":{"line":372,"column":5}},"108":{"start":{"line":371,"column":6},"end":{"line":371,"column":91}},"109":{"start":{"line":375,"column":85},"end":{"line":375,"column":87}},"110":{"start":{"line":377,"column":4},"end":{"line":400,"column":5}},"111":{"start":{"line":378,"column":23},"end":{"line":384,"column":8}},"112":{"start":{"line":386,"column":6},"end":{"line":389,"column":7}},"113":{"start":{"line":387,"column":20},"end":{"line":387,"column":51}},"114":{"start":{"line":388,"column":8},"end":{"line":388,"column":112}},"115":{"start":{"line":391,"column":24},"end":{"line":391,"column":75}},"116":{"start":{"line":392,"column":6},"end":{"line":397,"column":7}},"117":{"start":{"line":393,"column":20},"end":{"line":393,"column":51}},"118":{"start":{"line":394,"column":8},"end":{"line":396,"column":10}},"119":{"start":{"line":399,"column":6},"end":{"line":399,"column":95}},"120":{"start":{"line":403,"column":4},"end":{"line":428,"column":5}},"121":{"start":{"line":404,"column":18},"end":{"line":404,"column":99}},"122":{"start":{"line":405,"column":6},"end":{"line":408,"column":9}},"123":{"start":{"line":411,"column":6},"end":{"line":414,"column":9}},"124":{"start":{"line":416,"column":6},"end":{"line":427,"column":9}},"125":{"start":{"line":431,"column":16},"end":{"line":431,"column":26}},"126":{"start":{"line":432,"column":24},"end":{"line":432,"column":63}},"127":{"start":{"line":434,"column":20},"end":{"line":442,"column":6}},"128":{"start":{"line":444,"column":4},"end":{"line":444,"column":34}},"129":{"start":{"line":451,"column":18},"end":{"line":451,"column":71}},"130":{"start":{"line":452,"column":4},"end":{"line":452,"column":71}},"131":{"start":{"line":452,"column":16},"end":{"line":452,"column":71}},"132":{"start":{"line":453,"column":4},"end":{"line":455,"column":5}},"133":{"start":{"line":454,"column":6},"end":{"line":454,"column":91}},"134":{"start":{"line":457,"column":20},"end":{"line":461,"column":6}},"135":{"start":{"line":463,"column":4},"end":{"line":463,"column":34}},"136":{"start":{"line":7,"column":13},"end":{"line":7,"column":26}},"137":{"start":{"line":7,"column":13},"end":{"line":465,"column":null}}},"fnMap":{"0":{"name":"(anonymous_2)","decl":{"start":{"line":8,"column":2},"end":{"line":8,"column":31}},"loc":{"start":{"line":8,"column":52},"end":{"line":8,"column":57}}},"1":{"name":"(anonymous_3)","decl":{"start":{"line":10,"column":10},"end":{"line":10,"column":18}},"loc":{"start":{"line":10,"column":29},"end":{"line":40,"column":3}}},"2":{"name":"(anonymous_4)","decl":{"start":{"line":31,"column":37},"end":{"line":31,"column":38}},"loc":{"start":{"line":31,"column":50},"end":{"line":38,"column":8}}},"3":{"name":"(anonymous_5)","decl":{"start":{"line":42,"column":10},"end":{"line":42,"column":15}},"loc":{"start":{"line":42,"column":32},"end":{"line":50,"column":3}}},"4":{"name":"(anonymous_6)","decl":{"start":{"line":59,"column":2},"end":{"line":59,"column":7}},"loc":{"start":{"line":69,"column":19},"end":{"line":158,"column":3}}},"5":{"name":"(anonymous_7)","decl":{"start":{"line":125,"column":33},"end":{"line":125,"column":34}},"loc":{"start":{"line":125,"column":46},"end":{"line":129,"column":12}}},"6":{"name":"(anonymous_8)","decl":{"start":{"line":160,"column":2},"end":{"line":160,"column":7}},"loc":{"start":{"line":160,"column":66},"end":{"line":224,"column":3}}},"7":{"name":"(anonymous_9)","decl":{"start":{"line":226,"column":2},"end":{"line":226,"column":7}},"loc":{"start":{"line":226,"column":41},"end":{"line":266,"column":3}}},"8":{"name":"(anonymous_10)","decl":{"start":{"line":268,"column":2},"end":{"line":268,"column":7}},"loc":{"start":{"line":268,"column":83},"end":{"line":296,"column":3}}},"9":{"name":"(anonymous_11)","decl":{"start":{"line":295,"column":22},"end":{"line":295,"column":23}},"loc":{"start":{"line":295,"column":29},"end":{"line":295,"column":45}}},"10":{"name":"(anonymous_12)","decl":{"start":{"line":298,"column":2},"end":{"line":298,"column":7}},"loc":{"start":{"line":298,"column":26},"end":{"line":305,"column":3}}},"11":{"name":"(anonymous_13)","decl":{"start":{"line":313,"column":2},"end":{"line":313,"column":7}},"loc":{"start":{"line":322,"column":3},"end":{"line":358,"column":3}}},"12":{"name":"(anonymous_14)","decl":{"start":{"line":348,"column":33},"end":{"line":348,"column":34}},"loc":{"start":{"line":348,"column":41},"end":{"line":351,"column":12}}},"13":{"name":"(anonymous_15)","decl":{"start":{"line":364,"column":2},"end":{"line":364,"column":7}},"loc":{"start":{"line":364,"column":49},"end":{"line":445,"column":3}}},"14":{"name":"(anonymous_16)","decl":{"start":{"line":450,"column":2},"end":{"line":450,"column":7}},"loc":{"start":{"line":450,"column":32},"end":{"line":464,"column":3}}}},"branchMap":{"0":{"loc":{"start":{"line":14,"column":19},"end":{"line":14,"column":49}},"type":"binary-expr","locations":[{"start":{"line":14,"column":19},"end":{"line":14,"column":36}},{"start":{"line":14,"column":40},"end":{"line":14,"column":49}}]},"1":{"loc":{"start":{"line":19,"column":16},"end":{"line":19,"column":44}},"type":"binary-expr","locations":[{"start":{"line":19,"column":16},"end":{"line":19,"column":36}},{"start":{"line":19,"column":40},"end":{"line":19,"column":44}}]},"2":{"loc":{"start":{"line":27,"column":18},"end":{"line":27,"column":74}},"type":"cond-expr","locations":[{"start":{"line":27,"column":37},"end":{"line":27,"column":67}},{"start":{"line":27,"column":70},"end":{"line":27,"column":74}}]},"3":{"loc":{"start":{"line":28,"column":21},"end":{"line":28,"column":83}},"type":"cond-expr","locations":[{"start":{"line":28,"column":43},"end":{"line":28,"column":76}},{"start":{"line":28,"column":79},"end":{"line":28,"column":83}}]},"4":{"loc":{"start":{"line":31,"column":14},"end":{"line":31,"column":31}},"type":"binary-expr","locations":[{"start":{"line":31,"column":14},"end":{"line":31,"column":25}},{"start":{"line":31,"column":29},"end":{"line":31,"column":31}}]},"5":{"loc":{"start":{"line":34,"column":17},"end":{"line":34,"column":37}},"type":"binary-expr","locations":[{"start":{"line":34,"column":17},"end":{"line":34,"column":31}},{"start":{"line":34,"column":35},"end":{"line":34,"column":37}}]},"6":{"loc":{"start":{"line":35,"column":21},"end":{"line":35,"column":45}},"type":"binary-expr","locations":[{"start":{"line":35,"column":21},"end":{"line":35,"column":39}},{"start":{"line":35,"column":43},"end":{"line":35,"column":45}}]},"7":{"loc":{"start":{"line":48,"column":20},"end":{"line":48,"column":92}},"type":"cond-expr","locations":[{"start":{"line":48,"column":32},"end":{"line":48,"column":88}},{"start":{"line":48,"column":91},"end":{"line":48,"column":92}}]},"8":{"loc":{"start":{"line":48,"column":41},"end":{"line":48,"column":83}},"type":"binary-expr","locations":[{"start":{"line":48,"column":41},"end":{"line":48,"column":76}},{"start":{"line":48,"column":80},"end":{"line":48,"column":83}}]},"9":{"loc":{"start":{"line":70,"column":4},"end":{"line":72,"column":5}},"type":"if","locations":[{"start":{"line":70,"column":4},"end":{"line":72,"column":5}},{"start":{},"end":{}}]},"10":{"loc":{"start":{"line":70,"column":8},"end":{"line":70,"column":43}},"type":"binary-expr","locations":[{"start":{"line":70,"column":8},"end":{"line":70,"column":25}},{"start":{"line":70,"column":29},"end":{"line":70,"column":43}}]},"11":{"loc":{"start":{"line":73,"column":4},"end":{"line":75,"column":5}},"type":"if","locations":[{"start":{"line":73,"column":4},"end":{"line":75,"column":5}},{"start":{},"end":{}}]},"12":{"loc":{"start":{"line":81,"column":6},"end":{"line":81,"column":84}},"type":"if","locations":[{"start":{"line":81,"column":6},"end":{"line":81,"column":84}},{"start":{},"end":{}}]},"13":{"loc":{"start":{"line":91,"column":6},"end":{"line":93,"column":7}},"type":"if","locations":[{"start":{"line":91,"column":6},"end":{"line":93,"column":7}},{"start":{},"end":{}}]},"14":{"loc":{"start":{"line":96,"column":6},"end":{"line":100,"column":7}},"type":"if","locations":[{"start":{"line":96,"column":6},"end":{"line":100,"column":7}},{"start":{},"end":{}}]},"15":{"loc":{"start":{"line":108,"column":24},"end":{"line":108,"column":51}},"type":"binary-expr","locations":[{"start":{"line":108,"column":24},"end":{"line":108,"column":45}},{"start":{"line":108,"column":49},"end":{"line":108,"column":51}}]},"16":{"loc":{"start":{"line":116,"column":20},"end":{"line":116,"column":43}},"type":"binary-expr","locations":[{"start":{"line":116,"column":20},"end":{"line":116,"column":35}},{"start":{"line":116,"column":39},"end":{"line":116,"column":43}}]},"17":{"loc":{"start":{"line":118,"column":18},"end":{"line":118,"column":43}},"type":"binary-expr","locations":[{"start":{"line":118,"column":18},"end":{"line":118,"column":31}},{"start":{"line":118,"column":35},"end":{"line":118,"column":43}}]},"18":{"loc":{"start":{"line":119,"column":24},"end":{"line":119,"column":57}},"type":"binary-expr","locations":[{"start":{"line":119,"column":24},"end":{"line":119,"column":43}},{"start":{"line":119,"column":47},"end":{"line":119,"column":57}}]},"19":{"loc":{"start":{"line":120,"column":25},"end":{"line":120,"column":67}},"type":"binary-expr","locations":[{"start":{"line":120,"column":25},"end":{"line":120,"column":45}},{"start":{"line":120,"column":49},"end":{"line":120,"column":67}}]},"20":{"loc":{"start":{"line":121,"column":25},"end":{"line":121,"column":51}},"type":"binary-expr","locations":[{"start":{"line":121,"column":25},"end":{"line":121,"column":45}},{"start":{"line":121,"column":49},"end":{"line":121,"column":51}}]},"21":{"loc":{"start":{"line":165,"column":4},"end":{"line":165,"column":63}},"type":"if","locations":[{"start":{"line":165,"column":4},"end":{"line":165,"column":63}},{"start":{},"end":{}}]},"22":{"loc":{"start":{"line":170,"column":4},"end":{"line":170,"column":82}},"type":"if","locations":[{"start":{"line":170,"column":4},"end":{"line":170,"column":82}},{"start":{},"end":{}}]},"23":{"loc":{"start":{"line":171,"column":4},"end":{"line":173,"column":5}},"type":"if","locations":[{"start":{"line":171,"column":4},"end":{"line":173,"column":5}},{"start":{},"end":{}}]},"24":{"loc":{"start":{"line":172,"column":119},"end":{"line":172,"column":157}},"type":"binary-expr","locations":[{"start":{"line":172,"column":119},"end":{"line":172,"column":147}},{"start":{"line":172,"column":151},"end":{"line":172,"column":157}}]},"25":{"loc":{"start":{"line":178,"column":4},"end":{"line":211,"column":5}},"type":"if","locations":[{"start":{"line":178,"column":4},"end":{"line":211,"column":5}},{"start":{},"end":{}}]},"26":{"loc":{"start":{"line":180,"column":6},"end":{"line":182,"column":7}},"type":"if","locations":[{"start":{"line":180,"column":6},"end":{"line":182,"column":7}},{"start":{},"end":{}}]},"27":{"loc":{"start":{"line":180,"column":10},"end":{"line":180,"column":65}},"type":"binary-expr","locations":[{"start":{"line":180,"column":10},"end":{"line":180,"column":29}},{"start":{"line":180,"column":33},"end":{"line":180,"column":65}}]},"28":{"loc":{"start":{"line":185,"column":8},"end":{"line":209,"column":9}},"type":"if","locations":[{"start":{"line":185,"column":8},"end":{"line":209,"column":9}},{"start":{},"end":{}}]},"29":{"loc":{"start":{"line":187,"column":10},"end":{"line":208,"column":11}},"type":"if","locations":[{"start":{"line":187,"column":10},"end":{"line":208,"column":11}},{"start":{},"end":{}}]},"30":{"loc":{"start":{"line":213,"column":4},"end":{"line":215,"column":5}},"type":"if","locations":[{"start":{"line":213,"column":4},"end":{"line":215,"column":5}},{"start":{},"end":{}}]},"31":{"loc":{"start":{"line":231,"column":4},"end":{"line":231,"column":63}},"type":"if","locations":[{"start":{"line":231,"column":4},"end":{"line":231,"column":63}},{"start":{},"end":{}}]},"32":{"loc":{"start":{"line":234,"column":4},"end":{"line":236,"column":5}},"type":"if","locations":[{"start":{"line":234,"column":4},"end":{"line":236,"column":5}},{"start":{},"end":{}}]},"33":{"loc":{"start":{"line":240,"column":6},"end":{"line":261,"column":7}},"type":"if","locations":[{"start":{"line":240,"column":6},"end":{"line":261,"column":7}},{"start":{},"end":{}}]},"34":{"loc":{"start":{"line":242,"column":8},"end":{"line":260,"column":9}},"type":"if","locations":[{"start":{"line":242,"column":8},"end":{"line":260,"column":9}},{"start":{},"end":{}}]},"35":{"loc":{"start":{"line":272,"column":4},"end":{"line":283,"column":5}},"type":"if","locations":[{"start":{"line":272,"column":4},"end":{"line":283,"column":5}},{"start":{},"end":{}}]},"36":{"loc":{"start":{"line":285,"column":4},"end":{"line":285,"column":53}},"type":"if","locations":[{"start":{"line":285,"column":4},"end":{"line":285,"column":53}},{"start":{},"end":{}}]},"37":{"loc":{"start":{"line":286,"column":4},"end":{"line":286,"column":57}},"type":"if","locations":[{"start":{"line":286,"column":4},"end":{"line":286,"column":57}},{"start":{},"end":{}}]},"38":{"loc":{"start":{"line":287,"column":4},"end":{"line":287,"column":49}},"type":"if","locations":[{"start":{"line":287,"column":4},"end":{"line":287,"column":49}},{"start":{},"end":{}}]},"39":{"loc":{"start":{"line":290,"column":13},"end":{"line":290,"column":78}},"type":"cond-expr","locations":[{"start":{"line":290,"column":42},"end":{"line":290,"column":66}},{"start":{"line":290,"column":69},"end":{"line":290,"column":78}}]},"40":{"loc":{"start":{"line":303,"column":4},"end":{"line":303,"column":28}},"type":"if","locations":[{"start":{"line":303,"column":4},"end":{"line":303,"column":28}},{"start":{},"end":{}}]},"41":{"loc":{"start":{"line":323,"column":4},"end":{"line":325,"column":5}},"type":"if","locations":[{"start":{"line":323,"column":4},"end":{"line":325,"column":5}},{"start":{},"end":{}}]},"42":{"loc":{"start":{"line":323,"column":8},"end":{"line":323,"column":63}},"type":"binary-expr","locations":[{"start":{"line":323,"column":8},"end":{"line":323,"column":25}},{"start":{"line":323,"column":29},"end":{"line":323,"column":43}},{"start":{"line":323,"column":47},"end":{"line":323,"column":63}}]},"43":{"loc":{"start":{"line":326,"column":4},"end":{"line":328,"column":5}},"type":"if","locations":[{"start":{"line":326,"column":4},"end":{"line":328,"column":5}},{"start":{},"end":{}}]},"44":{"loc":{"start":{"line":330,"column":6},"end":{"line":330,"column":84}},"type":"if","locations":[{"start":{"line":330,"column":6},"end":{"line":330,"column":84}},{"start":{},"end":{}}]},"45":{"loc":{"start":{"line":342,"column":18},"end":{"line":342,"column":43}},"type":"binary-expr","locations":[{"start":{"line":342,"column":18},"end":{"line":342,"column":31}},{"start":{"line":342,"column":35},"end":{"line":342,"column":43}}]},"46":{"loc":{"start":{"line":343,"column":24},"end":{"line":343,"column":57}},"type":"binary-expr","locations":[{"start":{"line":343,"column":24},"end":{"line":343,"column":43}},{"start":{"line":343,"column":47},"end":{"line":343,"column":57}}]},"47":{"loc":{"start":{"line":344,"column":25},"end":{"line":344,"column":67}},"type":"binary-expr","locations":[{"start":{"line":344,"column":25},"end":{"line":344,"column":45}},{"start":{"line":344,"column":49},"end":{"line":344,"column":67}}]},"48":{"loc":{"start":{"line":345,"column":25},"end":{"line":345,"column":51}},"type":"binary-expr","locations":[{"start":{"line":345,"column":25},"end":{"line":345,"column":45}},{"start":{"line":345,"column":49},"end":{"line":345,"column":51}}]},"49":{"loc":{"start":{"line":369,"column":4},"end":{"line":369,"column":71}},"type":"if","locations":[{"start":{"line":369,"column":4},"end":{"line":369,"column":71}},{"start":{},"end":{}}]},"50":{"loc":{"start":{"line":370,"column":4},"end":{"line":372,"column":5}},"type":"if","locations":[{"start":{"line":370,"column":4},"end":{"line":372,"column":5}},{"start":{},"end":{}}]},"51":{"loc":{"start":{"line":386,"column":6},"end":{"line":389,"column":7}},"type":"if","locations":[{"start":{"line":386,"column":6},"end":{"line":389,"column":7}},{"start":{},"end":{}}]},"52":{"loc":{"start":{"line":387,"column":20},"end":{"line":387,"column":51}},"type":"binary-expr","locations":[{"start":{"line":387,"column":20},"end":{"line":387,"column":37}},{"start":{"line":387,"column":41},"end":{"line":387,"column":51}}]},"53":{"loc":{"start":{"line":392,"column":6},"end":{"line":397,"column":7}},"type":"if","locations":[{"start":{"line":392,"column":6},"end":{"line":397,"column":7}},{"start":{},"end":{}}]},"54":{"loc":{"start":{"line":393,"column":20},"end":{"line":393,"column":51}},"type":"binary-expr","locations":[{"start":{"line":393,"column":20},"end":{"line":393,"column":37}},{"start":{"line":393,"column":41},"end":{"line":393,"column":51}}]},"55":{"loc":{"start":{"line":452,"column":4},"end":{"line":452,"column":71}},"type":"if","locations":[{"start":{"line":452,"column":4},"end":{"line":452,"column":71}},{"start":{},"end":{}}]},"56":{"loc":{"start":{"line":453,"column":4},"end":{"line":455,"column":5}},"type":"if","locations":[{"start":{"line":453,"column":4},"end":{"line":455,"column":5}},{"start":{},"end":{}}]},"57":{"loc":{"start":{"line":8,"column":39},"end":{"line":8,"column":56}},"type":"cond-expr","locations":[{"start":{"line":8,"column":52},"end":{"line":8,"column":56}},{"start":{"line":8,"column":52},"end":{"line":8,"column":56}}]},"58":{"loc":{"start":{"line":8,"column":39},"end":{"line":8,"column":52}},"type":"binary-expr","locations":[{"start":{"line":8,"column":39},"end":{"line":8,"column":56}},{"start":{"line":8,"column":39},"end":{"line":8,"column":52}}]}},"s":{"0":1,"1":1,"2":1,"3":1,"4":36,"5":14,"6":14,"7":2,"8":2,"9":2,"10":2,"11":36,"12":7,"13":1,"14":6,"15":1,"16":5,"17":5,"18":6,"19":1,"20":5,"21":5,"22":2,"23":3,"24":3,"25":1,"26":2,"27":1,"28":1,"29":1,"30":1,"31":1,"32":1,"33":1,"34":1,"35":1,"36":1,"37":1,"38":12,"39":12,"40":1,"41":11,"42":11,"43":11,"44":1,"45":10,"46":2,"47":8,"48":8,"49":3,"50":3,"51":1,"52":3,"53":3,"54":3,"55":3,"56":3,"57":3,"58":8,"59":2,"60":8,"61":8,"62":4,"63":4,"64":1,"65":3,"66":3,"67":2,"68":1,"69":1,"70":1,"71":1,"72":1,"73":1,"74":1,"75":1,"76":4,"77":4,"78":4,"79":0,"80":4,"81":1,"82":4,"83":1,"84":4,"85":1,"86":4,"87":4,"88":1,"89":2,"90":2,"91":1,"92":1,"93":3,"94":1,"95":2,"96":0,"97":2,"98":2,"99":1,"100":1,"101":1,"102":1,"103":1,"104":4,"105":4,"106":1,"107":3,"108":1,"109":2,"110":2,"111":2,"112":2,"113":0,"114":0,"115":2,"116":2,"117":1,"118":1,"119":1,"120":1,"121":1,"122":1,"123":1,"124":1,"125":1,"126":1,"127":1,"128":1,"129":3,"130":3,"131":1,"132":2,"133":1,"134":1,"135":1,"136":1,"137":1},"f":{"0":36,"1":14,"2":14,"3":2,"4":7,"5":1,"6":12,"7":4,"8":4,"9":1,"10":2,"11":3,"12":1,"13":4,"14":3},"b":{"0":[14,14],"1":[14,12],"2":[14,0],"3":[14,0],"4":[14,0],"5":[14,0],"6":[14,0],"7":[0,2],"8":[0,0],"9":[1,6],"10":[7,6],"11":[1,5],"12":[1,5],"13":[2,3],"14":[1,2],"15":[1,1],"16":[1,1],"17":[1,0],"18":[1,0],"19":[1,0],"20":[1,0],"21":[1,11],"22":[1,10],"23":[2,8],"24":[2,0],"25":[3,5],"26":[1,2],"27":[3,3],"28":[3,0],"29":[3,0],"30":[2,6],"31":[1,3],"32":[2,1],"33":[1,0],"34":[1,0],"35":[0,4],"36":[1,3],"37":[1,3],"38":[1,3],"39":[3,1],"40":[1,1],"41":[1,2],"42":[3,3,3],"43":[0,2],"44":[1,1],"45":[1,0],"46":[1,0],"47":[1,0],"48":[1,0],"49":[1,3],"50":[1,2],"51":[0,2],"52":[0,0],"53":[1,1],"54":[1,0],"55":[1,2],"56":[1,1],"57":[1,0],"58":[1,1]}}
,"/home/arth/SOFTWARE STUFF/wocs/backend/src/prisma/prisma.service.ts": {"path":"/home/arth/SOFTWARE STUFF/wocs/backend/src/prisma/prisma.service.ts","statementMap":{"0":{"start":{"line":1,"column":0},"end":{"line":1,"column":75}},"1":{"start":{"line":2,"column":0},"end":{"line":2,"column":46}},"2":{"start":{"line":3,"column":0},"end":{"line":3,"column":46}},"3":{"start":{"line":6,"column":7},"end":{"line":26,"column":null}},"4":{"start":{"line":8,"column":29},"end":{"line":8,"column":53}},"5":{"start":{"line":9,"column":4},"end":{"line":11,"column":5}},"6":{"start":{"line":10,"column":6},"end":{"line":10,"column":49}},"7":{"start":{"line":13,"column":4},"end":{"line":15,"column":7}},"8":{"start":{"line":20,"column":4},"end":{"line":20,"column":26}},"9":{"start":{"line":24,"column":4},"end":{"line":24,"column":29}},"10":{"start":{"line":6,"column":13},"end":{"line":6,"column":26}},"11":{"start":{"line":6,"column":13},"end":{"line":26,"column":null}}},"fnMap":{"0":{"name":"(anonymous_2)","decl":{"start":{"line":7,"column":2},"end":{"line":7,"column":null}},"loc":{"start":{"line":7,"column":2},"end":{"line":16,"column":3}}},"1":{"name":"(anonymous_3)","decl":{"start":{"line":18,"column":2},"end":{"line":18,"column":7}},"loc":{"start":{"line":18,"column":20},"end":{"line":21,"column":3}}},"2":{"name":"(anonymous_4)","decl":{"start":{"line":23,"column":2},"end":{"line":23,"column":7}},"loc":{"start":{"line":23,"column":23},"end":{"line":25,"column":3}}}},"branchMap":{"0":{"loc":{"start":{"line":9,"column":4},"end":{"line":11,"column":5}},"type":"if","locations":[{"start":{"line":9,"column":4},"end":{"line":11,"column":5}},{"start":{},"end":{}}]}},"s":{"0":7,"1":7,"2":7,"3":7,"4":0,"5":0,"6":0,"7":0,"8":0,"9":0,"10":7,"11":7},"f":{"0":0,"1":0,"2":0},"b":{"0":[0,0]}}
,"/home/arth/SOFTWARE STUFF/wocs/backend/src/reports/reports.service.ts": {"path":"/home/arth/SOFTWARE STUFF/wocs/backend/src/reports/reports.service.ts","statementMap":{"0":{"start":{"line":1,"column":0},"end":{"line":1,"column":44}},"1":{"start":{"line":2,"column":0},"end":{"line":2,"column":57}},"2":{"start":{"line":5,"column":7},"end":{"line":126,"column":null}},"3":{"start":{"line":6,"column":33},"end":{"line":6,"column":41}},"4":{"start":{"line":9,"column":69},"end":{"line":21,"column":10}},"5":{"start":{"line":24,"column":55},"end":{"line":24,"column":57}},"6":{"start":{"line":25,"column":8},"end":{"line":27,"column":9}},"7":{"start":{"line":26,"column":12},"end":{"line":26,"column":75}},"8":{"start":{"line":30,"column":55},"end":{"line":30,"column":57}},"9":{"start":{"line":31,"column":8},"end":{"line":33,"column":9}},"10":{"start":{"line":32,"column":12},"end":{"line":32,"column":85}},"11":{"start":{"line":36,"column":58},"end":{"line":36,"column":60}},"12":{"start":{"line":37,"column":8},"end":{"line":39,"column":9}},"13":{"start":{"line":38,"column":12},"end":{"line":38,"column":97}},"14":{"start":{"line":42,"column":26},"end":{"line":42,"column":79}},"15":{"start":{"line":42,"column":47},"end":{"line":42,"column":71}},"16":{"start":{"line":43,"column":32},"end":{"line":43,"column":101}},"17":{"start":{"line":46,"column":32},"end":{"line":46,"column":95}},"18":{"start":{"line":46,"column":53},"end":{"line":46,"column":94}},"19":{"start":{"line":47,"column":38},"end":{"line":47,"column":39}},"20":{"start":{"line":48,"column":8},"end":{"line":53,"column":9}},"21":{"start":{"line":49,"column":31},"end":{"line":51,"column":17}},"22":{"start":{"line":50,"column":16},"end":{"line":50,"column":111}},"23":{"start":{"line":52,"column":12},"end":{"line":52,"column":96}},"24":{"start":{"line":56,"column":29},"end":{"line":56,"column":75}},"25":{"start":{"line":56,"column":50},"end":{"line":56,"column":74}},"26":{"start":{"line":57,"column":25},"end":{"line":57,"column":73}},"27":{"start":{"line":57,"column":52},"end":{"line":57,"column":65}},"28":{"start":{"line":58,"column":30},"end":{"line":58,"column":110}},"29":{"start":{"line":61,"column":22},"end":{"line":61,"column":157}},"30":{"start":{"line":62,"column":8},"end":{"line":64,"column":9}},"31":{"start":{"line":63,"column":12},"end":{"line":63,"column":129}},"32":{"start":{"line":65,"column":8},"end":{"line":73,"column":9}},"33":{"start":{"line":66,"column":26},"end":{"line":66,"column":52}},"34":{"start":{"line":67,"column":12},"end":{"line":72,"column":13}},"35":{"start":{"line":68,"column":16},"end":{"line":68,"column":56}},"36":{"start":{"line":69,"column":16},"end":{"line":69,"column":60}},"37":{"start":{"line":70,"column":16},"end":{"line":70,"column":82}},"38":{"start":{"line":71,"column":16},"end":{"line":71,"column":33}},"39":{"start":{"line":74,"column":33},"end":{"line":74,"column":59}},"40":{"start":{"line":77,"column":26},"end":{"line":77,"column":123}},"41":{"start":{"line":78,"column":8},"end":{"line":91,"column":9}},"42":{"start":{"line":79,"column":24},"end":{"line":79,"column":34}},"43":{"start":{"line":80,"column":29},"end":{"line":80,"column":47}},"44":{"start":{"line":81,"column":12},"end":{"line":90,"column":13}},"45":{"start":{"line":82,"column":16},"end":{"line":82,"column":55}},"46":{"start":{"line":84,"column":16},"end":{"line":89,"column":19}},"47":{"start":{"line":93,"column":29},"end":{"line":93,"column":54}},"48":{"start":{"line":94,"column":8},"end":{"line":98,"column":9}},"49":{"start":{"line":95,"column":12},"end":{"line":97,"column":13}},"50":{"start":{"line":96,"column":16},"end":{"line":96,"column":61}},"51":{"start":{"line":99,"column":8},"end":{"line":101,"column":9}},"52":{"start":{"line":100,"column":12},"end":{"line":100,"column":57}},"53":{"start":{"line":102,"column":30},"end":{"line":104,"column":25}},"54":{"start":{"line":103,"column":28},"end":{"line":103,"column":59}},"55":{"start":{"line":107,"column":57},"end":{"line":107,"column":59}},"56":{"start":{"line":108,"column":8},"end":{"line":111,"column":9}},"57":{"start":{"line":109,"column":25},"end":{"line":109,"column":57}},"58":{"start":{"line":110,"column":12},"end":{"line":110,"column":71}},"59":{"start":{"line":113,"column":8},"end":{"line":124,"column":10}},"60":{"start":{"line":5,"column":13},"end":{"line":5,"column":27}},"61":{"start":{"line":5,"column":13},"end":{"line":126,"column":null}}},"fnMap":{"0":{"name":"(anonymous_2)","decl":{"start":{"line":6,"column":4},"end":{"line":6,"column":33}},"loc":{"start":{"line":6,"column":54},"end":{"line":6,"column":59}}},"1":{"name":"(anonymous_3)","decl":{"start":{"line":8,"column":4},"end":{"line":8,"column":9}},"loc":{"start":{"line":8,"column":22},"end":{"line":125,"column":5}}},"2":{"name":"(anonymous_4)","decl":{"start":{"line":42,"column":40},"end":{"line":42,"column":41}},"loc":{"start":{"line":42,"column":47},"end":{"line":42,"column":71}}},"3":{"name":"(anonymous_5)","decl":{"start":{"line":46,"column":46},"end":{"line":46,"column":47}},"loc":{"start":{"line":46,"column":53},"end":{"line":46,"column":94}}},"4":{"name":"(anonymous_6)","decl":{"start":{"line":49,"column":54},"end":{"line":49,"column":55}},"loc":{"start":{"line":49,"column":65},"end":{"line":51,"column":13}}},"5":{"name":"(anonymous_7)","decl":{"start":{"line":56,"column":43},"end":{"line":56,"column":44}},"loc":{"start":{"line":56,"column":50},"end":{"line":56,"column":74}}},"6":{"name":"(anonymous_8)","decl":{"start":{"line":57,"column":45},"end":{"line":57,"column":46}},"loc":{"start":{"line":57,"column":52},"end":{"line":57,"column":65}}},"7":{"name":"(anonymous_9)","decl":{"start":{"line":103,"column":18},"end":{"line":103,"column":19}},"loc":{"start":{"line":103,"column":28},"end":{"line":103,"column":59}}}},"branchMap":{"0":{"loc":{"start":{"line":26,"column":40},"end":{"line":26,"column":69}},"type":"binary-expr","locations":[{"start":{"line":26,"column":40},"end":{"line":26,"column":64}},{"start":{"line":26,"column":68},"end":{"line":26,"column":69}}]},"1":{"loc":{"start":{"line":32,"column":45},"end":{"line":32,"column":79}},"type":"binary-expr","locations":[{"start":{"line":32,"column":45},"end":{"line":32,"column":74}},{"start":{"line":32,"column":78},"end":{"line":32,"column":79}}]},"2":{"loc":{"start":{"line":38,"column":51},"end":{"line":38,"column":91}},"type":"binary-expr","locations":[{"start":{"line":38,"column":51},"end":{"line":38,"column":86}},{"start":{"line":38,"column":90},"end":{"line":38,"column":91}}]},"3":{"loc":{"start":{"line":43,"column":32},"end":{"line":43,"column":101}},"type":"cond-expr","locations":[{"start":{"line":43,"column":52},"end":{"line":43,"column":97}},{"start":{"line":43,"column":100},"end":{"line":43,"column":101}}]},"4":{"loc":{"start":{"line":46,"column":53},"end":{"line":46,"column":94}},"type":"binary-expr","locations":[{"start":{"line":46,"column":53},"end":{"line":46,"column":77}},{"start":{"line":46,"column":81},"end":{"line":46,"column":94}}]},"5":{"loc":{"start":{"line":48,"column":8},"end":{"line":53,"column":9}},"type":"if","locations":[{"start":{"line":48,"column":8},"end":{"line":53,"column":9}},{"start":{},"end":{}}]},"6":{"loc":{"start":{"line":58,"column":30},"end":{"line":58,"column":110}},"type":"cond-expr","locations":[{"start":{"line":58,"column":56},"end":{"line":58,"column":106}},{"start":{"line":58,"column":109},"end":{"line":58,"column":110}}]},"7":{"loc":{"start":{"line":67,"column":12},"end":{"line":72,"column":13}},"type":"if","locations":[{"start":{"line":67,"column":12},"end":{"line":72,"column":13}},{"start":{},"end":{}}]},"8":{"loc":{"start":{"line":81,"column":12},"end":{"line":90,"column":13}},"type":"if","locations":[{"start":{"line":81,"column":12},"end":{"line":90,"column":13}},{"start":{"line":83,"column":19},"end":{"line":90,"column":13}}]},"9":{"loc":{"start":{"line":95,"column":12},"end":{"line":97,"column":13}},"type":"if","locations":[{"start":{"line":95,"column":12},"end":{"line":97,"column":13}},{"start":{},"end":{}}]},"10":{"loc":{"start":{"line":100,"column":27},"end":{"line":100,"column":56}},"type":"binary-expr","locations":[{"start":{"line":100,"column":27},"end":{"line":100,"column":50}},{"start":{"line":100,"column":54},"end":{"line":100,"column":56}}]},"11":{"loc":{"start":{"line":109,"column":25},"end":{"line":109,"column":57}},"type":"binary-expr","locations":[{"start":{"line":109,"column":25},"end":{"line":109,"column":41}},{"start":{"line":109,"column":45},"end":{"line":109,"column":57}}]},"12":{"loc":{"start":{"line":110,"column":38},"end":{"line":110,"column":65}},"type":"binary-expr","locations":[{"start":{"line":110,"column":38},"end":{"line":110,"column":60}},{"start":{"line":110,"column":64},"end":{"line":110,"column":65}}]},"13":{"loc":{"start":{"line":6,"column":41},"end":{"line":6,"column":58}},"type":"cond-expr","locations":[{"start":{"line":6,"column":54},"end":{"line":6,"column":58}},{"start":{"line":6,"column":54},"end":{"line":6,"column":58}}]},"14":{"loc":{"start":{"line":6,"column":41},"end":{"line":6,"column":54}},"type":"binary-expr","locations":[{"start":{"line":6,"column":41},"end":{"line":6,"column":58}},{"start":{"line":6,"column":41},"end":{"line":6,"column":54}}]}},"s":{"0":1,"1":1,"2":1,"3":11,"4":11,"5":11,"6":11,"7":30,"8":11,"9":11,"10":30,"11":11,"12":11,"13":30,"14":11,"15":30,"16":11,"17":11,"18":30,"19":11,"20":11,"21":10,"22":20,"23":10,"24":11,"25":30,"26":11,"27":10,"28":11,"29":11,"30":11,"31":10,"32":11,"33":20,"34":20,"35":20,"36":20,"37":20,"38":20,"39":11,"40":11,"41":11,"42":30,"43":30,"44":30,"45":10,"46":20,"47":11,"48":11,"49":20,"50":20,"51":11,"52":20,"53":11,"54":10,"55":11,"56":11,"57":30,"58":30,"59":11,"60":1,"61":1},"f":{"0":11,"1":11,"2":30,"3":30,"4":20,"5":30,"6":10,"7":10},"b":{"0":[30,20],"1":[30,20],"2":[30,20],"3":[10,1],"4":[30,20],"5":[10,1],"6":[10,1],"7":[20,0],"8":[10,20],"9":[20,0],"10":[20,0],"11":[30,10],"12":[30,20],"13":[1,0],"14":[1,1]}}
,"/home/arth/SOFTWARE STUFF/wocs/backend/src/warehouses/warehouses.service.ts": {"path":"/home/arth/SOFTWARE STUFF/wocs/backend/src/warehouses/warehouses.service.ts","statementMap":{"0":{"start":{"line":1,"column":0},"end":{"line":1,"column":44}},"1":{"start":{"line":2,"column":0},"end":{"line":2,"column":57}},"2":{"start":{"line":5,"column":7},"end":{"line":97,"column":null}},"3":{"start":{"line":6,"column":33},"end":{"line":6,"column":41}},"4":{"start":{"line":9,"column":22},"end":{"line":9,"column":31}},"5":{"start":{"line":11,"column":27},"end":{"line":28,"column":10}},"6":{"start":{"line":30,"column":8},"end":{"line":47,"column":11}},"7":{"start":{"line":31,"column":32},"end":{"line":31,"column":95}},"8":{"start":{"line":31,"column":71},"end":{"line":31,"column":91}},"9":{"start":{"line":32,"column":34},"end":{"line":32,"column":99}},"10":{"start":{"line":32,"column":73},"end":{"line":32,"column":95}},"11":{"start":{"line":33,"column":12},"end":{"line":46,"column":14}},"12":{"start":{"line":51,"column":19},"end":{"line":63,"column":10}},"13":{"start":{"line":65,"column":8},"end":{"line":65,"column":29}},"14":{"start":{"line":65,"column":17},"end":{"line":65,"column":29}},"15":{"start":{"line":67,"column":28},"end":{"line":67,"column":91}},"16":{"start":{"line":67,"column":67},"end":{"line":67,"column":87}},"17":{"start":{"line":68,"column":30},"end":{"line":68,"column":95}},"18":{"start":{"line":68,"column":69},"end":{"line":68,"column":91}},"19":{"start":{"line":70,"column":8},"end":{"line":95,"column":10}},"20":{"start":{"line":82,"column":57},"end":{"line":88,"column":14}},"21":{"start":{"line":89,"column":48},"end":{"line":94,"column":14}},"22":{"start":{"line":5,"column":13},"end":{"line":5,"column":30}},"23":{"start":{"line":5,"column":13},"end":{"line":97,"column":null}}},"fnMap":{"0":{"name":"(anonymous_2)","decl":{"start":{"line":6,"column":4},"end":{"line":6,"column":33}},"loc":{"start":{"line":6,"column":54},"end":{"line":6,"column":59}}},"1":{"name":"(anonymous_3)","decl":{"start":{"line":8,"column":4},"end":{"line":8,"column":9}},"loc":{"start":{"line":8,"column":28},"end":{"line":48,"column":5}}},"2":{"name":"(anonymous_4)","decl":{"start":{"line":30,"column":30},"end":{"line":30,"column":31}},"loc":{"start":{"line":30,"column":37},"end":{"line":47,"column":9}}},"3":{"name":"(anonymous_5)","decl":{"start":{"line":31,"column":61},"end":{"line":31,"column":62}},"loc":{"start":{"line":31,"column":71},"end":{"line":31,"column":91}}},"4":{"name":"(anonymous_6)","decl":{"start":{"line":32,"column":63},"end":{"line":32,"column":64}},"loc":{"start":{"line":32,"column":73},"end":{"line":32,"column":95}}},"5":{"name":"(anonymous_7)","decl":{"start":{"line":50,"column":4},"end":{"line":50,"column":9}},"loc":{"start":{"line":50,"column":28},"end":{"line":96,"column":5}}},"6":{"name":"(anonymous_8)","decl":{"start":{"line":67,"column":57},"end":{"line":67,"column":58}},"loc":{"start":{"line":67,"column":67},"end":{"line":67,"column":87}}},"7":{"name":"(anonymous_9)","decl":{"start":{"line":68,"column":59},"end":{"line":68,"column":60}},"loc":{"start":{"line":68,"column":69},"end":{"line":68,"column":91}}},"8":{"name":"(anonymous_10)","decl":{"start":{"line":82,"column":49},"end":{"line":82,"column":50}},"loc":{"start":{"line":82,"column":57},"end":{"line":88,"column":14}}},"9":{"name":"(anonymous_11)","decl":{"start":{"line":89,"column":40},"end":{"line":89,"column":41}},"loc":{"start":{"line":89,"column":48},"end":{"line":94,"column":14}}}},"branchMap":{"0":{"loc":{"start":{"line":12,"column":19},"end":{"line":20,"column":27}},"type":"cond-expr","locations":[{"start":{"line":13,"column":18},"end":{"line":19,"column":null}},{"start":{"line":20,"column":18},"end":{"line":20,"column":27}}]},"1":{"loc":{"start":{"line":45,"column":29},"end":{"line":45,"column":119}},"type":"cond-expr","locations":[{"start":{"line":45,"column":47},"end":{"line":45,"column":115}},{"start":{"line":45,"column":118},"end":{"line":45,"column":119}}]},"2":{"loc":{"start":{"line":65,"column":8},"end":{"line":65,"column":29}},"type":"if","locations":[{"start":{"line":65,"column":8},"end":{"line":65,"column":29}},{"start":{},"end":{}}]},"3":{"loc":{"start":{"line":81,"column":25},"end":{"line":81,"column":115}},"type":"cond-expr","locations":[{"start":{"line":81,"column":43},"end":{"line":81,"column":111}},{"start":{"line":81,"column":114},"end":{"line":81,"column":115}}]},"4":{"loc":{"start":{"line":6,"column":41},"end":{"line":6,"column":58}},"type":"cond-expr","locations":[{"start":{"line":6,"column":54},"end":{"line":6,"column":58}},{"start":{"line":6,"column":54},"end":{"line":6,"column":58}}]},"5":{"loc":{"start":{"line":6,"column":41},"end":{"line":6,"column":54}},"type":"binary-expr","locations":[{"start":{"line":6,"column":41},"end":{"line":6,"column":58}},{"start":{"line":6,"column":41},"end":{"line":6,"column":54}}]}},"s":{"0":0,"1":0,"2":0,"3":0,"4":0,"5":0,"6":0,"7":0,"8":0,"9":0,"10":0,"11":0,"12":0,"13":0,"14":0,"15":0,"16":0,"17":0,"18":0,"19":0,"20":0,"21":0,"22":0,"23":0},"f":{"0":0,"1":0,"2":0,"3":0,"4":0,"5":0,"6":0,"7":0,"8":0,"9":0},"b":{"0":[0,0],"1":[0,0],"2":[0,0],"3":[0,0],"4":[0,0],"5":[0,0]}}
}
