TN:
SF:src/app.service.ts
FN:5,(anonymous_1)
FNF:1
FNH:0
FNDA:0,(anonymous_1)
DA:1,0
DA:4,0
DA:6,0
LF:3
LH:0
BRF:0
BRH:0
end_of_record
TN:
SF:src/auth/auth.service.ts
FN:11,(anonymous_11)
FN:16,(anonymous_12)
FN:28,(anonymous_13)
FN:51,(anonymous_14)
FN:75,(anonymous_15)
FN:80,(anonymous_16)
FN:96,(anonymous_17)
FN:99,(anonymous_18)
FN:104,(anonymous_19)
FN:127,(anonymous_20)
FNF:10
FNH:8
FNDA:18,(anonymous_11)
FNDA:7,(anonymous_12)
FNDA:6,(anonymous_13)
FNDA:6,(anonymous_14)
FNDA:0,(anonymous_15)
FNDA:2,(anonymous_16)
FNDA:1,(anonymous_17)
FNDA:0,(anonymous_18)
FNDA:2,(anonymous_19)
FNDA:2,(anonymous_20)
DA:1,1
DA:2,1
DA:3,1
DA:7,1
DA:10,1
DA:12,18
DA:13,18
DA:25,7
DA:29,6
DA:30,6
DA:31,6
DA:32,6
DA:34,6
DA:35,3
DA:38,3
DA:39,3
DA:41,2
DA:43,2
DA:48,2
DA:52,6
DA:53,6
DA:55,6
DA:57,5
DA:62,5
DA:64,4
DA:65,4
DA:67,3
DA:69,3
DA:77,0
DA:81,2
DA:82,2
DA:96,2
DA:101,0
DA:105,2
DA:107,2
DA:111,2
DA:113,1
DA:114,1
DA:115,1
DA:116,1
DA:118,1
DA:124,1
DA:128,2
DA:130,1
DA:131,1
LF:45
LH:43
BRDA:25,0,0,7
BRDA:25,0,1,7
BRDA:25,1,0,7
BRDA:25,1,1,6
BRDA:25,2,0,7
BRDA:25,2,1,6
BRDA:32,3,0,6
BRDA:32,3,1,1
BRDA:34,4,0,3
BRDA:34,4,1,3
BRDA:34,5,0,6
BRDA:34,5,1,5
BRDA:34,5,2,4
BRDA:39,6,0,1
BRDA:39,6,1,2
BRDA:55,7,0,1
BRDA:55,7,1,5
BRDA:55,8,0,6
BRDA:55,8,1,5
BRDA:62,9,0,1
BRDA:62,9,1,4
BRDA:65,10,0,1
BRDA:65,10,1,3
BRDA:67,11,0,3
BRDA:67,11,1,2
BRDA:67,12,0,3
BRDA:67,12,1,2
BRDA:83,13,0,1
BRDA:83,13,1,1
BRDA:105,14,0,0
BRDA:105,14,1,2
BRDA:111,15,0,1
BRDA:111,15,1,1
BRDA:114,16,0,1
BRDA:114,16,1,0
BRDA:115,17,0,0
BRDA:115,17,1,1
BRDA:116,18,0,0
BRDA:116,18,1,1
BRDA:128,19,0,1
BRDA:128,19,1,1
BRDA:12,20,0,1
BRDA:12,20,1,0
BRDA:12,21,0,1
BRDA:12,21,1,1
BRDA:12,22,0,1
BRDA:12,22,1,0
BRDA:12,23,0,1
BRDA:12,23,1,1
BRF:49
BRH:43
end_of_record
TN:
SF:src/billing/billing.service.ts
FN:6,(anonymous_2)
FN:8,(anonymous_3)
FN:33,(anonymous_4)
FN:46,(anonymous_5)
FN:47,(anonymous_6)
FN:53,(anonymous_7)
FN:72,(anonymous_8)
FNF:7
FNH:7
FNDA:6,(anonymous_2)
FNDA:4,(anonymous_3)
FNDA:6,(anonymous_4)
FNDA:12,(anonymous_5)
FNDA:12,(anonymous_6)
FNDA:2,(anonymous_7)
FNDA:2,(anonymous_8)
DA:1,1
DA:2,1
DA:5,1
DA:6,6
DA:9,4
DA:12,4
DA:33,4
DA:34,6
DA:35,6
DA:36,12
DA:39,6
DA:46,12
DA:47,12
DA:54,2
DA:64,2
DA:66,1
DA:72,2
LF:17
LH:17
BRDA:13,0,0,1
BRDA:13,0,1,3
BRDA:36,1,0,12
BRDA:36,1,1,9
BRDA:64,2,0,1
BRDA:64,2,1,1
BRDA:6,3,0,1
BRDA:6,3,1,0
BRDA:6,4,0,1
BRDA:6,4,1,1
BRF:10
BRH:9
end_of_record
TN:
SF:src/clients/clients.service.ts
FN:6,(anonymous_2)
FN:8,(anonymous_3)
FNF:2
FNH:0
FNDA:0,(anonymous_2)
FNDA:0,(anonymous_3)
DA:1,0
DA:2,0
DA:5,0
DA:6,0
DA:9,0
LF:5
LH:0
BRDA:6,0,0,0
BRDA:6,0,1,0
BRDA:6,1,0,0
BRDA:6,1,1,0
BRF:4
BRH:0
end_of_record
TN:
SF:src/customers/customers.service.ts
FN:6,(anonymous_2)
FN:8,(anonymous_3)
FN:16,(anonymous_4)
FNF:3
FNH:0
FNDA:0,(anonymous_2)
FNDA:0,(anonymous_3)
FNDA:0,(anonymous_4)
DA:1,0
DA:2,0
DA:5,0
DA:6,0
DA:9,0
DA:17,0
LF:6
LH:0
BRDA:6,0,0,0
BRDA:6,0,1,0
BRDA:6,1,0,0
BRDA:6,1,1,0
BRF:4
BRH:0
end_of_record
TN:
SF:src/dashboard/dashboard.service.ts
FN:6,(anonymous_2)
FN:8,(anonymous_3)
FN:28,(anonymous_4)
FN:31,(anonymous_5)
FN:51,(anonymous_6)
FN:60,(anonymous_7)
FN:61,(anonymous_8)
FNF:7
FNH:7
FNDA:7,(anonymous_2)
FNDA:7,(anonymous_3)
FNDA:18,(anonymous_4)
FNDA:24,(anonymous_5)
FNDA:24,(anonymous_6)
FNDA:6,(anonymous_7)
FNDA:12,(anonymous_8)
DA:1,1
DA:2,1
DA:5,1
DA:6,7
DA:9,7
DA:28,18
DA:31,24
DA:34,7
DA:35,7
DA:36,7
DA:38,7
DA:39,24
DA:40,18
DA:42,18
DA:43,18
DA:44,6
DA:45,12
DA:46,6
DA:51,24
DA:60,7
DA:61,12
DA:62,6
DA:73,7
LF:23
LH:23
BRDA:39,0,0,6
BRDA:39,0,1,18
BRDA:40,1,0,0
BRDA:40,1,1,18
BRDA:43,2,0,6
BRDA:43,2,1,12
BRDA:43,3,0,18
BRDA:43,3,1,12
BRDA:45,4,0,6
BRDA:45,4,1,6
BRDA:45,5,0,12
BRDA:45,5,1,0
BRDA:66,6,0,6
BRDA:66,6,1,0
BRDA:68,7,0,6
BRDA:68,7,1,0
BRDA:6,8,0,1
BRDA:6,8,1,0
BRDA:6,9,0,1
BRDA:6,9,1,1
BRF:20
BRH:15
end_of_record
TN:
SF:src/inventory/inventory.service.ts
FN:6,(anonymous_2)
FN:8,(anonymous_3)
FN:27,(anonymous_4)
FN:58,(anonymous_5)
FN:61,(anonymous_6)
FN:75,(anonymous_7)
FN:82,(anonymous_8)
FN:90,(anonymous_9)
FNF:8
FNH:8
FNDA:13,(anonymous_2)
FNDA:2,(anonymous_3)
FNDA:4,(anonymous_4)
FNDA:1,(anonymous_5)
FNDA:2,(anonymous_6)
FNDA:2,(anonymous_7)
FNDA:1,(anonymous_8)
FNDA:5,(anonymous_9)
DA:1,1
DA:2,1
DA:5,1
DA:6,13
DA:9,2
DA:10,2
DA:28,4
DA:30,4
DA:32,4
DA:33,1
DA:44,4
DA:45,1
DA:48,4
DA:58,4
DA:62,2
DA:71,2
DA:72,1
DA:76,2
DA:82,2
DA:100,5
DA:101,2
DA:104,3
DA:114,3
DA:116,3
DA:117,2
DA:118,2
DA:123,1
DA:137,3
DA:149,3
LF:29
LH:29
BRDA:23,0,0,0
BRDA:23,0,1,2
BRDA:32,1,0,1
BRDA:32,1,1,3
BRDA:44,2,0,1
BRDA:44,2,1,3
BRDA:49,3,0,2
BRDA:49,3,1,2
BRDA:71,4,0,1
BRDA:71,4,1,1
BRDA:77,5,0,1
BRDA:77,5,1,1
BRDA:100,6,0,2
BRDA:100,6,1,3
BRDA:100,7,0,5
BRDA:100,7,1,4
BRDA:100,7,2,4
BRDA:100,7,3,4
BRDA:109,8,0,3
BRDA:109,8,1,3
BRDA:110,9,0,3
BRDA:110,9,1,3
BRDA:116,10,0,2
BRDA:116,10,1,1
BRDA:131,11,0,0
BRDA:131,11,1,1
BRDA:6,12,0,1
BRDA:6,12,1,0
BRDA:6,13,0,1
BRDA:6,13,1,1
BRF:30
BRH:27
end_of_record
TN:
SF:src/inventory-requests/inventory-requests.service.ts
FN:6,(anonymous_2)
FN:11,(anonymous_3)
FN:46,(anonymous_4)
FN:70,(anonymous_5)
FN:98,(anonymous_6)
FN:126,(anonymous_7)
FNF:6
FNH:6
FNDA:16,(anonymous_2)
FNDA:3,(anonymous_3)
FNDA:3,(anonymous_4)
FNDA:4,(anonymous_5)
FNDA:2,(anonymous_6)
FNDA:4,(anonymous_7)
DA:1,1
DA:2,1
DA:5,1
DA:6,16
DA:19,3
DA:20,2
DA:23,1
DA:47,3
DA:49,3
DA:50,2
DA:51,1
DA:54,2
DA:71,4
DA:72,4
DA:73,3
DA:76,2
DA:77,1
DA:80,1
DA:99,2
DA:100,2
DA:101,2
DA:103,2
DA:104,1
DA:107,1
DA:127,4
DA:128,4
DA:129,3
DA:132,2
DA:140,2
DA:141,1
DA:148,1
DA:159,2
DA:172,2
LF:33
LH:33
BRDA:19,0,0,2
BRDA:19,0,1,1
BRDA:19,1,0,3
BRDA:19,1,1,2
BRDA:19,1,2,2
BRDA:19,1,3,2
BRDA:49,2,0,2
BRDA:49,2,1,1
BRDA:50,3,0,1
BRDA:50,3,1,1
BRDA:72,4,0,1
BRDA:72,4,1,3
BRDA:73,5,0,1
BRDA:73,5,1,2
BRDA:76,6,0,1
BRDA:76,6,1,1
BRDA:76,7,0,2
BRDA:76,7,1,2
BRDA:100,8,0,0
BRDA:100,8,1,2
BRDA:101,9,0,0
BRDA:101,9,1,2
BRDA:103,10,0,1
BRDA:103,10,1,1
BRDA:103,11,0,2
BRDA:103,11,1,2
BRDA:128,12,0,1
BRDA:128,12,1,3
BRDA:129,13,0,1
BRDA:129,13,1,2
BRDA:140,14,0,1
BRDA:140,14,1,1
BRDA:164,15,0,2
BRDA:164,15,1,1
BRDA:166,16,0,2
BRDA:166,16,1,1
BRDA:6,17,0,1
BRDA:6,17,1,0
BRDA:6,18,0,1
BRDA:6,18,1,1
BRF:40
BRH:37
end_of_record
TN:
SF:src/orders/orders.service.ts
FN:8,(anonymous_2)
FN:10,(anonymous_3)
FN:31,(anonymous_4)
FN:42,(anonymous_5)
FN:59,(anonymous_6)
FN:125,(anonymous_7)
FN:160,(anonymous_8)
FN:226,(anonymous_9)
FN:268,(anonymous_10)
FN:295,(anonymous_11)
FN:298,(anonymous_12)
FN:313,(anonymous_13)
FN:348,(anonymous_14)
FN:364,(anonymous_15)
FN:450,(anonymous_16)
FNF:15
FNH:15
FNDA:36,(anonymous_2)
FNDA:14,(anonymous_3)
FNDA:14,(anonymous_4)
FNDA:2,(anonymous_5)
FNDA:7,(anonymous_6)
FNDA:1,(anonymous_7)
FNDA:12,(anonymous_8)
FNDA:4,(anonymous_9)
FNDA:4,(anonymous_10)
FNDA:1,(anonymous_11)
FNDA:2,(anonymous_12)
FNDA:3,(anonymous_13)
FNDA:1,(anonymous_14)
FNDA:4,(anonymous_15)
FNDA:3,(anonymous_16)
DA:1,1
DA:2,1
DA:4,1
DA:7,1
DA:8,36
DA:11,14
DA:31,14
DA:43,2
DA:44,2
DA:48,2
DA:49,2
DA:52,36
DA:70,7
DA:71,1
DA:73,6
DA:74,1
DA:78,5
DA:80,5
DA:81,6
DA:83,5
DA:91,5
DA:92,2
DA:95,3
DA:96,3
DA:97,1
DA:102,2
DA:106,1
DA:107,1
DA:108,1
DA:109,1
DA:111,1
DA:125,1
DA:136,1
DA:137,1
DA:138,1
DA:143,1
DA:157,1
DA:161,12
DA:165,12
DA:167,11
DA:168,11
DA:170,11
DA:171,10
DA:172,2
DA:175,8
DA:178,8
DA:179,3
DA:180,3
DA:181,1
DA:184,3
DA:185,3
DA:186,3
DA:187,3
DA:188,3
DA:196,3
DA:213,8
DA:214,2
DA:217,8
DA:223,8
DA:227,4
DA:231,4
DA:233,3
DA:234,3
DA:235,2
DA:239,1
DA:240,1
DA:241,1
DA:242,1
DA:243,1
DA:248,1
DA:264,1
DA:265,1
DA:269,4
DA:270,4
DA:272,4
DA:273,0
DA:285,4
DA:286,4
DA:287,4
DA:289,4
DA:295,4
DA:299,2
DA:303,2
DA:304,1
DA:323,3
DA:324,1
DA:326,2
DA:327,0
DA:329,2
DA:330,2
DA:333,1
DA:335,1
DA:348,1
DA:357,1
DA:365,4
DA:369,4
DA:370,3
DA:371,1
DA:375,2
DA:377,2
DA:378,2
DA:386,2
DA:387,0
DA:388,0
DA:391,2
DA:392,2
DA:393,1
DA:394,1
DA:399,1
DA:403,1
DA:404,1
DA:405,1
DA:411,1
DA:416,1
DA:431,1
DA:432,1
DA:434,1
DA:444,1
DA:451,3
DA:452,3
DA:453,2
DA:454,1
DA:457,1
DA:463,1
LF:124
LH:120
BRDA:14,0,0,14
BRDA:14,0,1,14
BRDA:19,1,0,14
BRDA:19,1,1,12
BRDA:27,2,0,14
BRDA:27,2,1,0
BRDA:28,3,0,14
BRDA:28,3,1,0
BRDA:31,4,0,14
BRDA:31,4,1,0
BRDA:34,5,0,14
BRDA:34,5,1,0
BRDA:35,6,0,14
BRDA:35,6,1,0
BRDA:48,7,0,0
BRDA:48,7,1,2
BRDA:48,8,0,0
BRDA:48,8,1,0
BRDA:70,9,0,1
BRDA:70,9,1,6
BRDA:70,10,0,7
BRDA:70,10,1,6
BRDA:73,11,0,1
BRDA:73,11,1,5
BRDA:81,12,0,1
BRDA:81,12,1,5
BRDA:91,13,0,2
BRDA:91,13,1,3
BRDA:96,14,0,1
BRDA:96,14,1,2
BRDA:108,15,0,1
BRDA:108,15,1,1
BRDA:116,16,0,1
BRDA:116,16,1,1
BRDA:118,17,0,1
BRDA:118,17,1,0
BRDA:119,18,0,1
BRDA:119,18,1,0
BRDA:120,19,0,1
BRDA:120,19,1,0
BRDA:121,20,0,1
BRDA:121,20,1,0
BRDA:165,21,0,1
BRDA:165,21,1,11
BRDA:170,22,0,1
BRDA:170,22,1,10
BRDA:171,23,0,2
BRDA:171,23,1,8
BRDA:172,24,0,2
BRDA:172,24,1,0
BRDA:178,25,0,3
BRDA:178,25,1,5
BRDA:180,26,0,1
BRDA:180,26,1,2
BRDA:180,27,0,3
BRDA:180,27,1,3
BRDA:185,28,0,3
BRDA:185,28,1,0
BRDA:187,29,0,3
BRDA:187,29,1,0
BRDA:213,30,0,2
BRDA:213,30,1,6
BRDA:231,31,0,1
BRDA:231,31,1,3
BRDA:234,32,0,2
BRDA:234,32,1,1
BRDA:240,33,0,1
BRDA:240,33,1,0
BRDA:242,34,0,1
BRDA:242,34,1,0
BRDA:272,35,0,0
BRDA:272,35,1,4
BRDA:285,36,0,1
BRDA:285,36,1,3
BRDA:286,37,0,1
BRDA:286,37,1,3
BRDA:287,38,0,1
BRDA:287,38,1,3
BRDA:290,39,0,3
BRDA:290,39,1,1
BRDA:303,40,0,1
BRDA:303,40,1,1
BRDA:323,41,0,1
BRDA:323,41,1,2
BRDA:323,42,0,3
BRDA:323,42,1,3
BRDA:323,42,2,3
BRDA:326,43,0,0
BRDA:326,43,1,2
BRDA:330,44,0,1
BRDA:330,44,1,1
BRDA:342,45,0,1
BRDA:342,45,1,0
BRDA:343,46,0,1
BRDA:343,46,1,0
BRDA:344,47,0,1
BRDA:344,47,1,0
BRDA:345,48,0,1
BRDA:345,48,1,0
BRDA:369,49,0,1
BRDA:369,49,1,3
BRDA:370,50,0,1
BRDA:370,50,1,2
BRDA:386,51,0,0
BRDA:386,51,1,2
BRDA:387,52,0,0
BRDA:387,52,1,0
BRDA:392,53,0,1
BRDA:392,53,1,1
BRDA:393,54,0,1
BRDA:393,54,1,0
BRDA:452,55,0,1
BRDA:452,55,1,2
BRDA:453,56,0,1
BRDA:453,56,1,1
BRDA:8,57,0,1
BRDA:8,57,1,0
BRDA:8,58,0,1
BRDA:8,58,1,1
BRF:119
BRH:91
end_of_record
TN:
SF:src/prisma/prisma.service.ts
FN:7,(anonymous_2)
FN:18,(anonymous_3)
FN:23,(anonymous_4)
FNF:3
FNH:0
FNDA:0,(anonymous_2)
FNDA:0,(anonymous_3)
FNDA:0,(anonymous_4)
DA:1,7
DA:2,7
DA:3,7
DA:6,7
DA:8,0
DA:9,0
DA:10,0
DA:13,0
DA:20,0
DA:24,0
LF:10
LH:4
BRDA:9,0,0,0
BRDA:9,0,1,0
BRF:2
BRH:0
end_of_record
TN:
SF:src/reports/reports.service.ts
FN:6,(anonymous_2)
FN:8,(anonymous_3)
FN:42,(anonymous_4)
FN:46,(anonymous_5)
FN:49,(anonymous_6)
FN:56,(anonymous_7)
FN:57,(anonymous_8)
FN:103,(anonymous_9)
FNF:8
FNH:8
FNDA:11,(anonymous_2)
FNDA:11,(anonymous_3)
FNDA:30,(anonymous_4)
FNDA:30,(anonymous_5)
FNDA:20,(anonymous_6)
FNDA:30,(anonymous_7)
FNDA:10,(anonymous_8)
FNDA:10,(anonymous_9)
DA:1,1
DA:2,1
DA:5,1
DA:6,11
DA:9,11
DA:24,11
DA:25,11
DA:26,30
DA:30,11
DA:31,11
DA:32,30
DA:36,11
DA:37,11
DA:38,30
DA:42,30
DA:43,11
DA:46,30
DA:47,11
DA:48,11
DA:49,10
DA:50,20
DA:52,10
DA:56,30
DA:57,11
DA:58,11
DA:61,11
DA:62,11
DA:63,10
DA:65,11
DA:66,20
DA:67,20
DA:68,20
DA:69,20
DA:70,20
DA:71,20
DA:74,11
DA:77,11
DA:78,11
DA:79,30
DA:80,30
DA:81,30
DA:82,10
DA:84,20
DA:93,11
DA:94,11
DA:95,20
DA:96,20
DA:99,11
DA:100,20
DA:102,11
DA:103,10
DA:107,11
DA:108,11
DA:109,30
DA:110,30
DA:113,11
LF:56
LH:56
BRDA:26,0,0,30
BRDA:26,0,1,20
BRDA:32,1,0,30
BRDA:32,1,1,20
BRDA:38,2,0,30
BRDA:38,2,1,20
BRDA:43,3,0,10
BRDA:43,3,1,1
BRDA:46,4,0,30
BRDA:46,4,1,20
BRDA:48,5,0,10
BRDA:48,5,1,1
BRDA:58,6,0,10
BRDA:58,6,1,1
BRDA:67,7,0,20
BRDA:67,7,1,0
BRDA:81,8,0,10
BRDA:81,8,1,20
BRDA:95,9,0,20
BRDA:95,9,1,0
BRDA:100,10,0,20
BRDA:100,10,1,0
BRDA:109,11,0,30
BRDA:109,11,1,10
BRDA:110,12,0,30
BRDA:110,12,1,20
BRDA:6,13,0,1
BRDA:6,13,1,0
BRDA:6,14,0,1
BRDA:6,14,1,1
BRF:30
BRH:26
end_of_record
TN:
SF:src/warehouses/warehouses.service.ts
FN:6,(anonymous_2)
FN:8,(anonymous_3)
FN:30,(anonymous_4)
FN:31,(anonymous_5)
FN:32,(anonymous_6)
FN:50,(anonymous_7)
FN:67,(anonymous_8)
FN:68,(anonymous_9)
FN:82,(anonymous_10)
FN:89,(anonymous_11)
FNF:10
FNH:0
FNDA:0,(anonymous_2)
FNDA:0,(anonymous_3)
FNDA:0,(anonymous_4)
FNDA:0,(anonymous_5)
FNDA:0,(anonymous_6)
FNDA:0,(anonymous_7)
FNDA:0,(anonymous_8)
FNDA:0,(anonymous_9)
FNDA:0,(anonymous_10)
FNDA:0,(anonymous_11)
DA:1,0
DA:2,0
DA:5,0
DA:6,0
DA:9,0
DA:11,0
DA:30,0
DA:31,0
DA:32,0
DA:33,0
DA:51,0
DA:65,0
DA:67,0
DA:68,0
DA:70,0
DA:82,0
DA:89,0
LF:17
LH:0
BRDA:12,0,0,0
BRDA:12,0,1,0
BRDA:45,1,0,0
BRDA:45,1,1,0
BRDA:65,2,0,0
BRDA:65,2,1,0
BRDA:81,3,0,0
BRDA:81,3,1,0
BRDA:6,4,0,0
BRDA:6,4,1,0
BRDA:6,5,0,0
BRDA:6,5,1,0
BRF:12
BRH:0
end_of_record
